[PREINITIALIZATION][CLIENT][INFO] Thank you to the Patreon supporters below and others who make CraftTweaker possible!
Ivy_
AdaraChristine
Zuniroa
Peregrinus11
Pongo Sapiens
Br脙赂nsted
Quaternary
DreamThorn
Phillip Swearingain
WaterMoon
Genryu
Ncc1702
Belathus
NickT
Robijnvogel
Barrier
SquidDev
NerdyWhiteGuy
Spencer Gilbert
If you want to support the mod, checkout https://patreon.com/jaredlll08?s=crtmod

[PREINITIALIZATION][CLIENT][INFO] Current loaders after merging: [[preinit]]
[PREINITIALIZATION][CLIENT][INFO] Loading scripts for loader with names [preinit]
[PREINITIALIZATION][CLIENT][INFO] [preinit | SIDE_CLIENT]: Skipping file {[100:crafttweaker]: machine\DryingRack.zs} as we are currently loading with a different loader
[PREINITIALIZATION][CLIENT][INFO] [preinit | SIDE_CLIENT]: Skipping file {[100:crafttweaker]: machine\MixFurnace.zs} as we are currently loading with a different loader
[PREINITIALIZATION][CLIENT][INFO] [preinit | SIDE_CLIENT]: Skipping file {[7:contenttweaker]: reg things\tab\IC2.zs} as we are currently loading with a different loader
[PREINITIALIZATION][CLIENT][INFO] [preinit | SIDE_CLIENT]: Skipping file {[4:contenttweaker]: reg things\block\build.zs} as we are currently loading with a different loader
[PREINITIALIZATION][CLIENT][INFO] [preinit | SIDE_CLIENT]: Skipping file {[4:contenttweaker]: reg things\block\leaves.zs} as we are currently loading with a different loader
[PREINITIALIZATION][CLIENT][INFO] [preinit | SIDE_CLIENT]: Skipping file {[4:contenttweaker]: reg things\block\wood.zs} as we are currently loading with a different loader
[PREINITIALIZATION][CLIENT][INFO] [preinit | SIDE_CLIENT]: Skipping file {[4:contenttweaker]: reg things\tab\Chemicals.zs} as we are currently loading with a different loader
[PREINITIALIZATION][CLIENT][INFO] [preinit | SIDE_CLIENT]: Skipping file {[4:contenttweaker]: reg things\tab\Metal.zs} as we are currently loading with a different loader
[PREINITIALIZATION][CLIENT][INFO] [preinit | SIDE_CLIENT]: Skipping file {[4:contenttweaker]: reg things\tab\textilecraft.zs} as we are currently loading with a different loader
[PREINITIALIZATION][CLIENT][INFO] [preinit | SIDE_CLIENT]: Skipping file {[3:contenttweaker]: reg things\tab\IC_upgrade.zs} as we are currently loading with a different loader
[PREINITIALIZATION][CLIENT][INFO] [preinit | SIDE_CLIENT]: Skipping file {[0:crafttweaker]: about minecraft\loot.zs} as we are currently loading with a different loader
[PREINITIALIZATION][CLIENT][INFO] [preinit | SIDE_CLIENT]: Skipping file {[0:crafttweaker]: about minecraft\MineLifeMachine\fuction.zs} as we are currently loading with a different loader
[PREINITIALIZATION][CLIENT][INFO] [preinit | SIDE_CLIENT]: Skipping file {[0:crafttweaker]: about minecraft\ore dictionary.zs} as we are currently loading with a different loader
[PREINITIALIZATION][CLIENT][INFO] [preinit | SIDE_CLIENT]: Skipping file {[0:crafttweaker]: about minecraft\tomod recipes\crafttable.zs} as we are currently loading with a different loader
[PREINITIALIZATION][CLIENT][INFO] [preinit | SIDE_CLIENT]: Skipping file {[0:crafttweaker]: adrecipes.zs} as we are currently loading with a different loader
[PREINITIALIZATION][CLIENT][INFO] [preinit | SIDE_CLIENT]: Skipping file {[0:crafttweaker]: color.zs} as we are currently loading with a different loader
[PREINITIALIZATION][CLIENT][INFO] [preinit | SIDE_CLIENT]: Skipping file {[0:crafttweaker]: construction.zs} as we are currently loading with a different loader
[PREINITIALIZATION][CLIENT][INFO] [preinit | SIDE_CLIENT]: Skipping file {[0:crafttweaker]: Dropt\1.zs} as we are currently loading with a different loader
[PREINITIALIZATION][CLIENT][INFO] [preinit | SIDE_CLIENT]: Skipping file {[0:crafttweaker]: inworld.zs} as we are currently loading with a different loader
[PREINITIALIZATION][CLIENT][INFO] [preinit | SIDE_CLIENT]: Skipping file {[0:crafttweaker]: machine\brickkiln.zs} as we are currently loading with a different loader
[PREINITIALIZATION][CLIENT][INFO] [preinit | SIDE_CLIENT]: Skipping file {[0:crafttweaker]: machine\chemolysis_machine.zs} as we are currently loading with a different loader
[PREINITIALIZATION][CLIENT][INFO] [preinit | SIDE_CLIENT]: Skipping file {[0:crafttweaker]: machine\crops_getter.zs} as we are currently loading with a different loader
[PREINITIALIZATION][CLIENT][INFO] [preinit | SIDE_CLIENT]: Skipping file {[0:crafttweaker]: machine\gunsmaker.zs} as we are currently loading with a different loader
[PREINITIALIZATION][CLIENT][INFO] [preinit | SIDE_CLIENT]: Skipping file {[0:crafttweaker]: machine\ironmaking_furnace.zs} as we are currently loading with a different loader
[PREINITIALIZATION][CLIENT][INFO] [preinit | SIDE_CLIENT]: Skipping file {[0:crafttweaker|reloadableevents]: machine\loom.zs} as we are currently loading with a different loader
[PREINITIALIZATION][CLIENT][INFO] [preinit | SIDE_CLIENT]: Skipping file {[0:crafttweaker]: machine\machine_constructing.zs} as we are currently loading with a different loader
[PREINITIALIZATION][CLIENT][INFO] [preinit | SIDE_CLIENT]: Skipping file {[0:crafttweaker]: machine\mental_furnace.zs} as we are currently loading with a different loader
[PREINITIALIZATION][CLIENT][INFO] [preinit | SIDE_CLIENT]: Skipping file {[0:crafttweaker]: machine\spinning_frame.zs} as we are currently loading with a different loader
[PREINITIALIZATION][CLIENT][INFO] [preinit | SIDE_CLIENT]: Skipping file {[0:crafttweaker]: machine\textile_machine.zs} as we are currently loading with a different loader
[PREINITIALIZATION][CLIENT][INFO] [preinit | SIDE_CLIENT]: Skipping file {[0:crafttweaker]: recipes.zs} as we are currently loading with a different loader
[PREINITIALIZATION][CLIENT][INFO] [preinit | SIDE_CLIENT]: Skipping file {[0:crafttweaker]: Recipes\CraftingTable\Camping.zs} as we are currently loading with a different loader
[PREINITIALIZATION][CLIENT][INFO] [preinit | SIDE_CLIENT]: Skipping file {[0:crafttweaker]: Recipes\CraftingTable\IC2.zs} as we are currently loading with a different loader
[PREINITIALIZATION][CLIENT][INFO] [preinit | SIDE_CLIENT]: Skipping file {[0:crafttweaker]: Recipes\CraftingTable\MineLife.zs} as we are currently loading with a different loader
[PREINITIALIZATION][CLIENT][INFO] [preinit | SIDE_CLIENT]: Skipping file {[0:crafttweaker]: Recipes\CraftingTable\RequiousFrakto.zs} as we are currently loading with a different loader
[PREINITIALIZATION][CLIENT][INFO] [preinit | SIDE_CLIENT]: Skipping file {[0:crafttweaker]: Recipes\CraftingTable\Travelers.zs} as we are currently loading with a different loader
[PREINITIALIZATION][CLIENT][INFO] [preinit | SIDE_CLIENT]: Skipping file {[0:crafttweaker]: Recipes\Furnace\furnace.zs} as we are currently loading with a different loader
[PREINITIALIZATION][CLIENT][INFO] [preinit | SIDE_CLIENT]: Skipping file {[0:crafttweaker]: Recipes\IndustiralCraft2\BlastFurnace.zs} as we are currently loading with a different loader
[PREINITIALIZATION][CLIENT][INFO] [preinit | SIDE_CLIENT]: Skipping file {[0:crafttweaker]: Recipes\Vil\forgetable.zs} as we are currently loading with a different loader
[PREINITIALIZATION][CLIENT][INFO] [preinit | SIDE_CLIENT]: Skipping file {[0:contenttweaker]: reg things\block\black_brick_block.zs} as we are currently loading with a different loader
[PREINITIALIZATION][CLIENT][INFO] [preinit | SIDE_CLIENT]: Skipping file {[0:contenttweaker]: reg things\block\crash.zs} as we are currently loading with a different loader
[PREINITIALIZATION][CLIENT][INFO] [preinit | SIDE_CLIENT]: Skipping file {[0:contenttweaker]: reg things\block\furnace_brick.zs} as we are currently loading with a different loader
[PREINITIALIZATION][CLIENT][INFO] [preinit | SIDE_CLIENT]: Skipping file {[0:contenttweaker]: reg things\block\graphite_block.zs} as we are currently loading with a different loader
[PREINITIALIZATION][CLIENT][INFO] [preinit | SIDE_CLIENT]: Skipping file {[0:contenttweaker]: reg things\block\graphite_ore.zs} as we are currently loading with a different loader
[PREINITIALIZATION][CLIENT][INFO] [preinit | SIDE_CLIENT]: Skipping file {[0:contenttweaker]: reg things\block\steam_machine.zs} as we are currently loading with a different loader
[PREINITIALIZATION][CLIENT][INFO] [preinit | SIDE_CLIENT]: Skipping file {[0:contenttweaker]: reg things\liquid\molten_black.zs} as we are currently loading with a different loader
[PREINITIALIZATION][CLIENT][INFO] [preinit | SIDE_CLIENT]: Skipping file {[0:contenttweaker]: reg things\liquid\molten_copper.zs} as we are currently loading with a different loader
[PREINITIALIZATION][CLIENT][INFO] [preinit | SIDE_CLIENT]: Skipping file {[0:contenttweaker]: reg things\liquid\molten_tin.zs} as we are currently loading with a different loader
[PREINITIALIZATION][CLIENT][INFO] [preinit | SIDE_CLIENT]: Skipping file {[0:contenttweaker]: reg things\liquid\tannin.zs} as we are currently loading with a different loader
[PREINITIALIZATION][CLIENT][INFO] [preinit | SIDE_CLIENT]: Skipping file {[0:contenttweaker]: reg things\tab\Ore.zs} as we are currently loading with a different loader
[PREINITIALIZATION][CLIENT][INFO] [preinit | SIDE_CLIENT]: Skipping file {[0:contenttweaker]: reg things\tools\needle.zs} as we are currently loading with a different loader
[PREINITIALIZATION][CLIENT][INFO] [preinit | SIDE_CLIENT]: Skipping file {[0:contenttweaker]: reg things\tools\textile_awl.zs} as we are currently loading with a different loader
[PREINITIALIZATION][CLIENT][INFO] [preinit | SIDE_CLIENT]: Skipping file {[0:crafttweaker]: tooltips.zs} as we are currently loading with a different loader
[PREINITIALIZATION][CLIENT][INFO] [preinit | SIDE_CLIENT]: Skipping file {[0:crafttweaker]: translate.zs} as we are currently loading with a different loader
[PREINITIALIZATION][CLIENT][INFO] Completed script loading in: 11ms
[PREINITIALIZATION][CLIENT][INFO] Current loaders after merging: [[preinit], [contenttweaker]]
[PREINITIALIZATION][CLIENT][INFO] Loading scripts for loader with names [contenttweaker]
[PREINITIALIZATION][CLIENT][INFO] [contenttweaker | SIDE_CLIENT]: Skipping file {[100:crafttweaker]: machine\DryingRack.zs} as we are currently loading with a different loader
[PREINITIALIZATION][CLIENT][INFO] [contenttweaker | SIDE_CLIENT]: Skipping file {[100:crafttweaker]: machine\MixFurnace.zs} as we are currently loading with a different loader
[PREINITIALIZATION][CLIENT][INFO] [contenttweaker | SIDE_CLIENT]: Loading Script: {[7:contenttweaker]: reg things\tab\IC2.zs}
[PREINITIALIZATION][CLIENT][INFO] [contenttweaker | SIDE_CLIENT]: Loading Script: {[4:contenttweaker]: reg things\block\build.zs}
[PREINITIALIZATION][CLIENT][INFO] [contenttweaker | SIDE_CLIENT]: Loading Script: {[4:contenttweaker]: reg things\block\leaves.zs}
[PREINITIALIZATION][CLIENT][INFO] [contenttweaker | SIDE_CLIENT]: Loading Script: {[4:contenttweaker]: reg things\block\wood.zs}
[PREINITIALIZATION][CLIENT][INFO] [contenttweaker | SIDE_CLIENT]: Loading Script: {[4:contenttweaker]: reg things\tab\Chemicals.zs}
[PREINITIALIZATION][CLIENT][INFO] Item <item:minecraft:gunpowder:0> has not been found, trying to use a ghost representative. This message will only be printed once, all subsequent missing items will be handled the same way.
[PREINITIALIZATION][CLIENT][INFO] [contenttweaker | SIDE_CLIENT]: Loading Script: {[4:contenttweaker]: reg things\tab\Metal.zs}
[PREINITIALIZATION][CLIENT][INFO] [contenttweaker | SIDE_CLIENT]: Loading Script: {[4:contenttweaker]: reg things\tab\textilecraft.zs}
[PREINITIALIZATION][CLIENT][INFO] [contenttweaker | SIDE_CLIENT]: Loading Script: {[3:contenttweaker]: reg things\tab\IC_upgrade.zs}
[PREINITIALIZATION][CLIENT][INFO] [contenttweaker | SIDE_CLIENT]: Skipping file {[0:crafttweaker]: about minecraft\loot.zs} as we are currently loading with a different loader
[PREINITIALIZATION][CLIENT][INFO] [contenttweaker | SIDE_CLIENT]: Skipping file {[0:crafttweaker]: about minecraft\MineLifeMachine\fuction.zs} as we are currently loading with a different loader
[PREINITIALIZATION][CLIENT][INFO] [contenttweaker | SIDE_CLIENT]: Skipping file {[0:crafttweaker]: about minecraft\ore dictionary.zs} as we are currently loading with a different loader
[PREINITIALIZATION][CLIENT][INFO] [contenttweaker | SIDE_CLIENT]: Skipping file {[0:crafttweaker]: about minecraft\tomod recipes\crafttable.zs} as we are currently loading with a different loader
[PREINITIALIZATION][CLIENT][INFO] [contenttweaker | SIDE_CLIENT]: Skipping file {[0:crafttweaker]: adrecipes.zs} as we are currently loading with a different loader
[PREINITIALIZATION][CLIENT][INFO] [contenttweaker | SIDE_CLIENT]: Skipping file {[0:crafttweaker]: color.zs} as we are currently loading with a different loader
[PREINITIALIZATION][CLIENT][INFO] [contenttweaker | SIDE_CLIENT]: Skipping file {[0:crafttweaker]: construction.zs} as we are currently loading with a different loader
[PREINITIALIZATION][CLIENT][INFO] [contenttweaker | SIDE_CLIENT]: Skipping file {[0:crafttweaker]: Dropt\1.zs} as we are currently loading with a different loader
[PREINITIALIZATION][CLIENT][INFO] [contenttweaker | SIDE_CLIENT]: Skipping file {[0:crafttweaker]: inworld.zs} as we are currently loading with a different loader
[PREINITIALIZATION][CLIENT][INFO] [contenttweaker | SIDE_CLIENT]: Skipping file {[0:crafttweaker]: machine\brickkiln.zs} as we are currently loading with a different loader
[PREINITIALIZATION][CLIENT][INFO] [contenttweaker | SIDE_CLIENT]: Skipping file {[0:crafttweaker]: machine\chemolysis_machine.zs} as we are currently loading with a different loader
[PREINITIALIZATION][CLIENT][INFO] [contenttweaker | SIDE_CLIENT]: Skipping file {[0:crafttweaker]: machine\crops_getter.zs} as we are currently loading with a different loader
[PREINITIALIZATION][CLIENT][INFO] [contenttweaker | SIDE_CLIENT]: Skipping file {[0:crafttweaker]: machine\gunsmaker.zs} as we are currently loading with a different loader
[PREINITIALIZATION][CLIENT][INFO] [contenttweaker | SIDE_CLIENT]: Skipping file {[0:crafttweaker]: machine\ironmaking_furnace.zs} as we are currently loading with a different loader
[PREINITIALIZATION][CLIENT][INFO] [contenttweaker | SIDE_CLIENT]: Skipping file {[0:crafttweaker|reloadableevents]: machine\loom.zs} as we are currently loading with a different loader
[PREINITIALIZATION][CLIENT][INFO] [contenttweaker | SIDE_CLIENT]: Skipping file {[0:crafttweaker]: machine\machine_constructing.zs} as we are currently loading with a different loader
[PREINITIALIZATION][CLIENT][INFO] [contenttweaker | SIDE_CLIENT]: Skipping file {[0:crafttweaker]: machine\mental_furnace.zs} as we are currently loading with a different loader
[PREINITIALIZATION][CLIENT][INFO] [contenttweaker | SIDE_CLIENT]: Skipping file {[0:crafttweaker]: machine\spinning_frame.zs} as we are currently loading with a different loader
[PREINITIALIZATION][CLIENT][INFO] [contenttweaker | SIDE_CLIENT]: Skipping file {[0:crafttweaker]: machine\textile_machine.zs} as we are currently loading with a different loader
[PREINITIALIZATION][CLIENT][INFO] [contenttweaker | SIDE_CLIENT]: Skipping file {[0:crafttweaker]: recipes.zs} as we are currently loading with a different loader
[PREINITIALIZATION][CLIENT][INFO] [contenttweaker | SIDE_CLIENT]: Skipping file {[0:crafttweaker]: Recipes\CraftingTable\Camping.zs} as we are currently loading with a different loader
[PREINITIALIZATION][CLIENT][INFO] [contenttweaker | SIDE_CLIENT]: Skipping file {[0:crafttweaker]: Recipes\CraftingTable\IC2.zs} as we are currently loading with a different loader
[PREINITIALIZATION][CLIENT][INFO] [contenttweaker | SIDE_CLIENT]: Skipping file {[0:crafttweaker]: Recipes\CraftingTable\MineLife.zs} as we are currently loading with a different loader
[PREINITIALIZATION][CLIENT][INFO] [contenttweaker | SIDE_CLIENT]: Skipping file {[0:crafttweaker]: Recipes\CraftingTable\RequiousFrakto.zs} as we are currently loading with a different loader
[PREINITIALIZATION][CLIENT][INFO] [contenttweaker | SIDE_CLIENT]: Skipping file {[0:crafttweaker]: Recipes\CraftingTable\Travelers.zs} as we are currently loading with a different loader
[PREINITIALIZATION][CLIENT][INFO] [contenttweaker | SIDE_CLIENT]: Skipping file {[0:crafttweaker]: Recipes\Furnace\furnace.zs} as we are currently loading with a different loader
[PREINITIALIZATION][CLIENT][INFO] [contenttweaker | SIDE_CLIENT]: Skipping file {[0:crafttweaker]: Recipes\IndustiralCraft2\BlastFurnace.zs} as we are currently loading with a different loader
[PREINITIALIZATION][CLIENT][INFO] [contenttweaker | SIDE_CLIENT]: Skipping file {[0:crafttweaker]: Recipes\Vil\forgetable.zs} as we are currently loading with a different loader
[PREINITIALIZATION][CLIENT][INFO] [contenttweaker | SIDE_CLIENT]: Loading Script: {[0:contenttweaker]: reg things\block\black_brick_block.zs}
[PREINITIALIZATION][CLIENT][INFO] [contenttweaker | SIDE_CLIENT]: Loading Script: {[0:contenttweaker]: reg things\block\crash.zs}
[PREINITIALIZATION][CLIENT][INFO] [contenttweaker | SIDE_CLIENT]: Loading Script: {[0:contenttweaker]: reg things\block\furnace_brick.zs}
[PREINITIALIZATION][CLIENT][INFO] [contenttweaker | SIDE_CLIENT]: Loading Script: {[0:contenttweaker]: reg things\block\graphite_block.zs}
[PREINITIALIZATION][CLIENT][INFO] [contenttweaker | SIDE_CLIENT]: Loading Script: {[0:contenttweaker]: reg things\block\graphite_ore.zs}
[PREINITIALIZATION][CLIENT][INFO] [contenttweaker | SIDE_CLIENT]: Loading Script: {[0:contenttweaker]: reg things\block\steam_machine.zs}
[PREINITIALIZATION][CLIENT][INFO] [contenttweaker | SIDE_CLIENT]: Loading Script: {[0:contenttweaker]: reg things\liquid\molten_black.zs}
[PREINITIALIZATION][CLIENT][INFO] [contenttweaker | SIDE_CLIENT]: Loading Script: {[0:contenttweaker]: reg things\liquid\molten_copper.zs}
[PREINITIALIZATION][CLIENT][INFO] [contenttweaker | SIDE_CLIENT]: Loading Script: {[0:contenttweaker]: reg things\liquid\molten_tin.zs}
[PREINITIALIZATION][CLIENT][INFO] [contenttweaker | SIDE_CLIENT]: Loading Script: {[0:contenttweaker]: reg things\liquid\tannin.zs}
[PREINITIALIZATION][CLIENT][INFO] [contenttweaker | SIDE_CLIENT]: Loading Script: {[0:contenttweaker]: reg things\tab\Ore.zs}
[PREINITIALIZATION][CLIENT][INFO] [contenttweaker | SIDE_CLIENT]: Loading Script: {[0:contenttweaker]: reg things\tools\needle.zs}
[PREINITIALIZATION][CLIENT][INFO] [contenttweaker | SIDE_CLIENT]: Loading Script: {[0:contenttweaker]: reg things\tools\textile_awl.zs}
[PREINITIALIZATION][CLIENT][INFO] [contenttweaker | SIDE_CLIENT]: Skipping file {[0:crafttweaker]: tooltips.zs} as we are currently loading with a different loader
[PREINITIALIZATION][CLIENT][INFO] [contenttweaker | SIDE_CLIENT]: Skipping file {[0:crafttweaker]: translate.zs} as we are currently loading with a different loader
[PREINITIALIZATION][CLIENT][INFO] Completed script loading in: 403ms
[INITIALIZATION][CLIENT][INFO] CraftTweaker: Building registry
[INITIALIZATION][CLIENT][INFO] CraftTweaker: Successfully built item registry
[INITIALIZATION][CLIENT][INFO] Current loaders after merging: [[preinit], [contenttweaker], [recipeevent | crafttweaker]]
[INITIALIZATION][CLIENT][INFO] Loading scripts for loader with names [crafttweaker | recipeevent]
[INITIALIZATION][CLIENT][INFO] [crafttweaker | SIDE_CLIENT]: Loading Script: {[100:crafttweaker]: machine\DryingRack.zs}
[INITIALIZATION][CLIENT][INFO] [crafttweaker | SIDE_CLIENT]: Loading Script: {[100:crafttweaker]: machine\MixFurnace.zs}
[INITIALIZATION][CLIENT][INFO] [crafttweaker | SIDE_CLIENT]: Skipping file {[7:contenttweaker]: reg things\tab\IC2.zs} as we are currently loading with a different loader
[INITIALIZATION][CLIENT][INFO] [crafttweaker | SIDE_CLIENT]: Skipping file {[4:contenttweaker]: reg things\block\build.zs} as we are currently loading with a different loader
[INITIALIZATION][CLIENT][INFO] [crafttweaker | SIDE_CLIENT]: Skipping file {[4:contenttweaker]: reg things\block\leaves.zs} as we are currently loading with a different loader
[INITIALIZATION][CLIENT][INFO] [crafttweaker | SIDE_CLIENT]: Skipping file {[4:contenttweaker]: reg things\block\wood.zs} as we are currently loading with a different loader
[INITIALIZATION][CLIENT][INFO] [crafttweaker | SIDE_CLIENT]: Skipping file {[4:contenttweaker]: reg things\tab\Chemicals.zs} as we are currently loading with a different loader
[INITIALIZATION][CLIENT][INFO] [crafttweaker | SIDE_CLIENT]: Skipping file {[4:contenttweaker]: reg things\tab\Metal.zs} as we are currently loading with a different loader
[INITIALIZATION][CLIENT][INFO] [crafttweaker | SIDE_CLIENT]: Skipping file {[4:contenttweaker]: reg things\tab\textilecraft.zs} as we are currently loading with a different loader
[INITIALIZATION][CLIENT][INFO] [crafttweaker | SIDE_CLIENT]: Skipping file {[3:contenttweaker]: reg things\tab\IC_upgrade.zs} as we are currently loading with a different loader
[INITIALIZATION][CLIENT][INFO] [crafttweaker | SIDE_CLIENT]: Loading Script: {[0:crafttweaker]: about minecraft\loot.zs}
[INITIALIZATION][CLIENT][INFO] Queued pool minelife for addition to table grimoireofgaia:entities/bone_knight
[INITIALIZATION][CLIENT][INFO] Queued item entry 'damascussteel' for addition to pool 'minelife' of table 'grimoireofgaia:entities/bone_knight'
[INITIALIZATION][CLIENT][INFO] [crafttweaker | SIDE_CLIENT]: Loading Script: {[0:crafttweaker]: about minecraft\MineLifeMachine\fuction.zs}
[INITIALIZATION][CLIENT][INFO] [crafttweaker | SIDE_CLIENT]: Loading Script: {[0:crafttweaker]: about minecraft\ore dictionary.zs}
[INITIALIZATION][CLIENT][INFO] Copying contents of ore dictionary entry ingotCopper to ingot
[INITIALIZATION][CLIENT][INFO] Copying contents of ore dictionary entry ingotLead to ingot
[INITIALIZATION][CLIENT][INFO] Copying contents of ore dictionary entry ingotBronze to ingot
[INITIALIZATION][CLIENT][INFO] Copying contents of ore dictionary entry ingotTin to ingot
[INITIALIZATION][CLIENT][INFO] Copying contents of ore dictionary entry ingotGold to ingot
[INITIALIZATION][CLIENT][INFO] Adding 石墨矿石 to ore dictionary entry oreGraphite
[INITIALIZATION][CLIENT][INFO] Adding 绝缘铜质导线 to ore dictionary entry copperCable2
[INITIALIZATION][CLIENT][INFO] Adding 木炭 to ore dictionary entry coal
[INITIALIZATION][CLIENT][INFO] Adding 赤铁矿 to ore dictionary entry high_ironOre
[INITIALIZATION][CLIENT][INFO] Adding 磁铁矿 to ore dictionary entry high_ironOre
[INITIALIZATION][CLIENT][INFO] Adding 黄铁矿 to ore dictionary entry low_ironOre
[INITIALIZATION][CLIENT][INFO] Adding 菱铁矿 to ore dictionary entry low_ironOre
[INITIALIZATION][CLIENT][INFO] Mirroring low_ironOre to oreIron
[INITIALIZATION][CLIENT][INFO] Mirroring high_ironOre to oreIron
[INITIALIZATION][CLIENT][INFO] Adding 亚麻 to ore dictionary entry flax
[INITIALIZATION][CLIENT][INFO] Adding 亚麻 to ore dictionary entry flax
[INITIALIZATION][CLIENT][INFO] Adding 洋麻 to ore dictionary entry flax
[INITIALIZATION][CLIENT][INFO] [crafttweaker | SIDE_CLIENT]: Loading Script: {[0:crafttweaker]: about minecraft\tomod recipes\crafttable.zs}
[INITIALIZATION][CLIENT][ERROR] about minecraft\tomod recipes\crafttable.zs:48: Could not resolve <contenttweaker : pillow>
[INITIALIZATION][CLIENT][ERROR] about minecraft\tomod recipes\crafttable.zs:48: Could not resolve <contenttweaker : bedding>
[INITIALIZATION][CLIENT][ERROR] about minecraft\tomod recipes\crafttable.zs:48: Could not resolve <contenttweaker : bedding>
[INITIALIZATION][CLIENT][INFO] [crafttweaker | SIDE_CLIENT]: Loading Script: {[0:crafttweaker]: adrecipes.zs}
[INITIALIZATION][CLIENT][INFO] [crafttweaker | SIDE_CLIENT]: Loading Script: {[0:crafttweaker]: color.zs}
[INITIALIZATION][CLIENT][INFO] [crafttweaker | SIDE_CLIENT]: Loading Script: {[0:crafttweaker]: construction.zs}
[INITIALIZATION][CLIENT][INFO] [crafttweaker | SIDE_CLIENT]: Loading Script: {[0:crafttweaker]: Dropt\1.zs}
[INITIALIZATION][CLIENT][INFO] [crafttweaker | SIDE_CLIENT]: Loading Script: {[0:crafttweaker]: inworld.zs}
[INITIALIZATION][CLIENT][INFO] [crafttweaker | SIDE_CLIENT]: Loading Script: {[0:crafttweaker]: machine\brickkiln.zs}
[INITIALIZATION][CLIENT][INFO] [crafttweaker | SIDE_CLIENT]: Loading Script: {[0:crafttweaker]: machine\chemolysis_machine.zs}
[INITIALIZATION][CLIENT][INFO] [crafttweaker | SIDE_CLIENT]: Loading Script: {[0:crafttweaker]: machine\crops_getter.zs}
[INITIALIZATION][CLIENT][INFO] [crafttweaker | SIDE_CLIENT]: Loading Script: {[0:crafttweaker]: machine\gunsmaker.zs}
[INITIALIZATION][CLIENT][INFO] [crafttweaker | SIDE_CLIENT]: Loading Script: {[0:crafttweaker]: machine\ironmaking_furnace.zs}
[INITIALIZATION][CLIENT][INFO] [crafttweaker | SIDE_CLIENT]: Loading Script: {[0:crafttweaker|reloadableevents]: machine\loom.zs}
[INITIALIZATION][CLIENT][INFO] [crafttweaker | SIDE_CLIENT]: Loading Script: {[0:crafttweaker]: machine\machine_constructing.zs}
[INITIALIZATION][CLIENT][INFO] [crafttweaker | SIDE_CLIENT]: Loading Script: {[0:crafttweaker]: machine\mental_furnace.zs}
[INITIALIZATION][CLIENT][INFO] [crafttweaker | SIDE_CLIENT]: Loading Script: {[0:crafttweaker]: machine\spinning_frame.zs}
[INITIALIZATION][CLIENT][INFO] [crafttweaker | SIDE_CLIENT]: Loading Script: {[0:crafttweaker]: machine\textile_machine.zs}
[INITIALIZATION][CLIENT][INFO] [crafttweaker | SIDE_CLIENT]: Loading Script: {[0:crafttweaker]: recipes.zs}
[INITIALIZATION][CLIENT][INFO] [crafttweaker | SIDE_CLIENT]: Loading Script: {[0:crafttweaker]: Recipes\CraftingTable\Camping.zs}
[INITIALIZATION][CLIENT][INFO] [crafttweaker | SIDE_CLIENT]: Loading Script: {[0:crafttweaker]: Recipes\CraftingTable\IC2.zs}
[INITIALIZATION][CLIENT][INFO] [crafttweaker | SIDE_CLIENT]: Loading Script: {[0:crafttweaker]: Recipes\CraftingTable\MineLife.zs}
[INITIALIZATION][CLIENT][INFO] [crafttweaker | SIDE_CLIENT]: Loading Script: {[0:crafttweaker]: Recipes\CraftingTable\RequiousFrakto.zs}
[INITIALIZATION][CLIENT][INFO] [crafttweaker | SIDE_CLIENT]: Loading Script: {[0:crafttweaker]: Recipes\CraftingTable\Travelers.zs}
[INITIALIZATION][CLIENT][INFO] [crafttweaker | SIDE_CLIENT]: Loading Script: {[0:crafttweaker]: Recipes\Furnace\furnace.zs}
[INITIALIZATION][CLIENT][INFO] [crafttweaker | SIDE_CLIENT]: Loading Script: {[0:crafttweaker]: Recipes\IndustiralCraft2\BlastFurnace.zs}
[INITIALIZATION][CLIENT][INFO] [crafttweaker | SIDE_CLIENT]: Loading Script: {[0:crafttweaker]: Recipes\Vil\forgetable.zs}
[INITIALIZATION][CLIENT][INFO] [crafttweaker | SIDE_CLIENT]: Skipping file {[0:contenttweaker]: reg things\block\black_brick_block.zs} as we are currently loading with a different loader
[INITIALIZATION][CLIENT][INFO] [crafttweaker | SIDE_CLIENT]: Skipping file {[0:contenttweaker]: reg things\block\crash.zs} as we are currently loading with a different loader
[INITIALIZATION][CLIENT][INFO] [crafttweaker | SIDE_CLIENT]: Skipping file {[0:contenttweaker]: reg things\block\furnace_brick.zs} as we are currently loading with a different loader
[INITIALIZATION][CLIENT][INFO] [crafttweaker | SIDE_CLIENT]: Skipping file {[0:contenttweaker]: reg things\block\graphite_block.zs} as we are currently loading with a different loader
[INITIALIZATION][CLIENT][INFO] [crafttweaker | SIDE_CLIENT]: Skipping file {[0:contenttweaker]: reg things\block\graphite_ore.zs} as we are currently loading with a different loader
[INITIALIZATION][CLIENT][INFO] [crafttweaker | SIDE_CLIENT]: Skipping file {[0:contenttweaker]: reg things\block\steam_machine.zs} as we are currently loading with a different loader
[INITIALIZATION][CLIENT][INFO] [crafttweaker | SIDE_CLIENT]: Skipping file {[0:contenttweaker]: reg things\liquid\molten_black.zs} as we are currently loading with a different loader
[INITIALIZATION][CLIENT][INFO] [crafttweaker | SIDE_CLIENT]: Skipping file {[0:contenttweaker]: reg things\liquid\molten_copper.zs} as we are currently loading with a different loader
[INITIALIZATION][CLIENT][INFO] [crafttweaker | SIDE_CLIENT]: Skipping file {[0:contenttweaker]: reg things\liquid\molten_tin.zs} as we are currently loading with a different loader
[INITIALIZATION][CLIENT][INFO] [crafttweaker | SIDE_CLIENT]: Skipping file {[0:contenttweaker]: reg things\liquid\tannin.zs} as we are currently loading with a different loader
[INITIALIZATION][CLIENT][INFO] [crafttweaker | SIDE_CLIENT]: Skipping file {[0:contenttweaker]: reg things\tab\Ore.zs} as we are currently loading with a different loader
[INITIALIZATION][CLIENT][INFO] [crafttweaker | SIDE_CLIENT]: Skipping file {[0:contenttweaker]: reg things\tools\needle.zs} as we are currently loading with a different loader
[INITIALIZATION][CLIENT][INFO] [crafttweaker | SIDE_CLIENT]: Skipping file {[0:contenttweaker]: reg things\tools\textile_awl.zs} as we are currently loading with a different loader
[INITIALIZATION][CLIENT][INFO] [crafttweaker | SIDE_CLIENT]: Loading Script: {[0:crafttweaker]: tooltips.zs}
[INITIALIZATION][CLIENT][INFO] Adding tooltip for <contenttweaker:wetted_wool_material>: "沾湿的"
[INITIALIZATION][CLIENT][INFO] Adding tooltip for <requious:loom_empty>: "空载"
[INITIALIZATION][CLIENT][INFO] Adding tooltip for <requious:loom_full>: "满载"
[INITIALIZATION][CLIENT][INFO] Adding tooltip for <contenttweaker:normal_steel>: "普通的钢，并不精良"
[INITIALIZATION][CLIENT][INFO] [crafttweaker | SIDE_CLIENT]: Loading Script: {[0:crafttweaker]: translate.zs}
[INITIALIZATION][CLIENT][INFO] Translating tile.null.name to 纺织机控制器
[INITIALIZATION][CLIENT][INFO] Setting localization for the key: tile.minelife.steel_furnace.name to 炼钢炉核心
[INITIALIZATION][CLIENT][INFO] Setting localization for the key: tile.minelife.steel_furnace.name to Steel Furnace Core
[INITIALIZATION][CLIENT][INFO] Setting localization for the key: tile.minelife.steam_engine.name to 蒸汽炉引擎
[INITIALIZATION][CLIENT][INFO] Setting localization for the key: tile.minelife.steam_engine.name to Steam Engine
[INITIALIZATION][CLIENT][INFO] Setting localization for the key: multiblocked.recipe_map.steel to 炼钢
[INITIALIZATION][CLIENT][INFO] Setting localization for the key: multiblocked.recipe_map.steel to Steel Make
[INITIALIZATION][CLIENT][INFO] Completed script loading in: 260ms
[INITIALIZATION][CLIENT][INFO] Translating tile.null.name to 纺织机控制器
[INITIALIZATION][CLIENT][INFO] Setting localization for the key: tile.minelife.steel_furnace.name to 炼钢炉核心
[INITIALIZATION][CLIENT][INFO] Setting localization for the key: tile.minelife.steel_furnace.name to Steel Furnace Core
[INITIALIZATION][CLIENT][INFO] Setting localization for the key: tile.minelife.steam_engine.name to 蒸汽炉引擎
[INITIALIZATION][CLIENT][INFO] Setting localization for the key: tile.minelife.steam_engine.name to Steam Engine
[INITIALIZATION][CLIENT][INFO] Setting localization for the key: multiblocked.recipe_map.steel to 炼钢
[INITIALIZATION][CLIENT][INFO] Setting localization for the key: multiblocked.recipe_map.steel to Steel Make
[INITIALIZATION][CLIENT][INFO] Current loaders after merging: [[preinit], [contenttweaker], [crafttweaker | recipeevent], [multiblocked]]
[INITIALIZATION][CLIENT][INFO] Loading scripts for loader with names [multiblocked]
[INITIALIZATION][CLIENT][INFO] [multiblocked | SIDE_CLIENT]: Skipping file {[100:crafttweaker]: machine\DryingRack.zs} as we are currently loading with a different loader
[INITIALIZATION][CLIENT][INFO] [multiblocked | SIDE_CLIENT]: Skipping file {[100:crafttweaker]: machine\MixFurnace.zs} as we are currently loading with a different loader
[INITIALIZATION][CLIENT][INFO] [multiblocked | SIDE_CLIENT]: Skipping file {[7:contenttweaker]: reg things\tab\IC2.zs} as we are currently loading with a different loader
[INITIALIZATION][CLIENT][INFO] [multiblocked | SIDE_CLIENT]: Skipping file {[4:contenttweaker]: reg things\block\build.zs} as we are currently loading with a different loader
[INITIALIZATION][CLIENT][INFO] [multiblocked | SIDE_CLIENT]: Skipping file {[4:contenttweaker]: reg things\block\leaves.zs} as we are currently loading with a different loader
[INITIALIZATION][CLIENT][INFO] [multiblocked | SIDE_CLIENT]: Skipping file {[4:contenttweaker]: reg things\block\wood.zs} as we are currently loading with a different loader
[INITIALIZATION][CLIENT][INFO] [multiblocked | SIDE_CLIENT]: Skipping file {[4:contenttweaker]: reg things\tab\Chemicals.zs} as we are currently loading with a different loader
[INITIALIZATION][CLIENT][INFO] [multiblocked | SIDE_CLIENT]: Skipping file {[4:contenttweaker]: reg things\tab\Metal.zs} as we are currently loading with a different loader
[INITIALIZATION][CLIENT][INFO] [multiblocked | SIDE_CLIENT]: Skipping file {[4:contenttweaker]: reg things\tab\textilecraft.zs} as we are currently loading with a different loader
[INITIALIZATION][CLIENT][INFO] [multiblocked | SIDE_CLIENT]: Skipping file {[3:contenttweaker]: reg things\tab\IC_upgrade.zs} as we are currently loading with a different loader
[INITIALIZATION][CLIENT][INFO] [multiblocked | SIDE_CLIENT]: Skipping file {[0:crafttweaker]: about minecraft\loot.zs} as we are currently loading with a different loader
[INITIALIZATION][CLIENT][INFO] [multiblocked | SIDE_CLIENT]: Skipping file {[0:crafttweaker]: about minecraft\MineLifeMachine\fuction.zs} as we are currently loading with a different loader
[INITIALIZATION][CLIENT][INFO] [multiblocked | SIDE_CLIENT]: Skipping file {[0:crafttweaker]: about minecraft\ore dictionary.zs} as we are currently loading with a different loader
[INITIALIZATION][CLIENT][INFO] [multiblocked | SIDE_CLIENT]: Skipping file {[0:crafttweaker]: about minecraft\tomod recipes\crafttable.zs} as we are currently loading with a different loader
[INITIALIZATION][CLIENT][INFO] [multiblocked | SIDE_CLIENT]: Skipping file {[0:crafttweaker]: adrecipes.zs} as we are currently loading with a different loader
[INITIALIZATION][CLIENT][INFO] [multiblocked | SIDE_CLIENT]: Skipping file {[0:crafttweaker]: color.zs} as we are currently loading with a different loader
[INITIALIZATION][CLIENT][INFO] [multiblocked | SIDE_CLIENT]: Skipping file {[0:crafttweaker]: construction.zs} as we are currently loading with a different loader
[INITIALIZATION][CLIENT][INFO] [multiblocked | SIDE_CLIENT]: Skipping file {[0:crafttweaker]: Dropt\1.zs} as we are currently loading with a different loader
[INITIALIZATION][CLIENT][INFO] [multiblocked | SIDE_CLIENT]: Skipping file {[0:crafttweaker]: inworld.zs} as we are currently loading with a different loader
[INITIALIZATION][CLIENT][INFO] [multiblocked | SIDE_CLIENT]: Skipping file {[0:crafttweaker]: machine\brickkiln.zs} as we are currently loading with a different loader
[INITIALIZATION][CLIENT][INFO] [multiblocked | SIDE_CLIENT]: Skipping file {[0:crafttweaker]: machine\chemolysis_machine.zs} as we are currently loading with a different loader
[INITIALIZATION][CLIENT][INFO] [multiblocked | SIDE_CLIENT]: Skipping file {[0:crafttweaker]: machine\crops_getter.zs} as we are currently loading with a different loader
[INITIALIZATION][CLIENT][INFO] [multiblocked | SIDE_CLIENT]: Skipping file {[0:crafttweaker]: machine\gunsmaker.zs} as we are currently loading with a different loader
[INITIALIZATION][CLIENT][INFO] [multiblocked | SIDE_CLIENT]: Skipping file {[0:crafttweaker]: machine\ironmaking_furnace.zs} as we are currently loading with a different loader
[INITIALIZATION][CLIENT][INFO] [multiblocked | SIDE_CLIENT]: Skipping file {[0:crafttweaker|reloadableevents]: machine\loom.zs} as we are currently loading with a different loader
[INITIALIZATION][CLIENT][INFO] [multiblocked | SIDE_CLIENT]: Skipping file {[0:crafttweaker]: machine\machine_constructing.zs} as we are currently loading with a different loader
[INITIALIZATION][CLIENT][INFO] [multiblocked | SIDE_CLIENT]: Skipping file {[0:crafttweaker]: machine\mental_furnace.zs} as we are currently loading with a different loader
[INITIALIZATION][CLIENT][INFO] [multiblocked | SIDE_CLIENT]: Skipping file {[0:crafttweaker]: machine\spinning_frame.zs} as we are currently loading with a different loader
[INITIALIZATION][CLIENT][INFO] [multiblocked | SIDE_CLIENT]: Skipping file {[0:crafttweaker]: machine\textile_machine.zs} as we are currently loading with a different loader
[INITIALIZATION][CLIENT][INFO] [multiblocked | SIDE_CLIENT]: Skipping file {[0:crafttweaker]: recipes.zs} as we are currently loading with a different loader
[INITIALIZATION][CLIENT][INFO] [multiblocked | SIDE_CLIENT]: Skipping file {[0:crafttweaker]: Recipes\CraftingTable\Camping.zs} as we are currently loading with a different loader
[INITIALIZATION][CLIENT][INFO] [multiblocked | SIDE_CLIENT]: Skipping file {[0:crafttweaker]: Recipes\CraftingTable\IC2.zs} as we are currently loading with a different loader
[INITIALIZATION][CLIENT][INFO] [multiblocked | SIDE_CLIENT]: Skipping file {[0:crafttweaker]: Recipes\CraftingTable\MineLife.zs} as we are currently loading with a different loader
[INITIALIZATION][CLIENT][INFO] [multiblocked | SIDE_CLIENT]: Skipping file {[0:crafttweaker]: Recipes\CraftingTable\RequiousFrakto.zs} as we are currently loading with a different loader
[INITIALIZATION][CLIENT][INFO] [multiblocked | SIDE_CLIENT]: Skipping file {[0:crafttweaker]: Recipes\CraftingTable\Travelers.zs} as we are currently loading with a different loader
[INITIALIZATION][CLIENT][INFO] [multiblocked | SIDE_CLIENT]: Skipping file {[0:crafttweaker]: Recipes\Furnace\furnace.zs} as we are currently loading with a different loader
[INITIALIZATION][CLIENT][INFO] [multiblocked | SIDE_CLIENT]: Skipping file {[0:crafttweaker]: Recipes\IndustiralCraft2\BlastFurnace.zs} as we are currently loading with a different loader
[INITIALIZATION][CLIENT][INFO] [multiblocked | SIDE_CLIENT]: Skipping file {[0:crafttweaker]: Recipes\Vil\forgetable.zs} as we are currently loading with a different loader
[INITIALIZATION][CLIENT][INFO] [multiblocked | SIDE_CLIENT]: Skipping file {[0:contenttweaker]: reg things\block\black_brick_block.zs} as we are currently loading with a different loader
[INITIALIZATION][CLIENT][INFO] [multiblocked | SIDE_CLIENT]: Skipping file {[0:contenttweaker]: reg things\block\crash.zs} as we are currently loading with a different loader
[INITIALIZATION][CLIENT][INFO] [multiblocked | SIDE_CLIENT]: Skipping file {[0:contenttweaker]: reg things\block\furnace_brick.zs} as we are currently loading with a different loader
[INITIALIZATION][CLIENT][INFO] [multiblocked | SIDE_CLIENT]: Skipping file {[0:contenttweaker]: reg things\block\graphite_block.zs} as we are currently loading with a different loader
[INITIALIZATION][CLIENT][INFO] [multiblocked | SIDE_CLIENT]: Skipping file {[0:contenttweaker]: reg things\block\graphite_ore.zs} as we are currently loading with a different loader
[INITIALIZATION][CLIENT][INFO] [multiblocked | SIDE_CLIENT]: Skipping file {[0:contenttweaker]: reg things\block\steam_machine.zs} as we are currently loading with a different loader
[INITIALIZATION][CLIENT][INFO] [multiblocked | SIDE_CLIENT]: Skipping file {[0:contenttweaker]: reg things\liquid\molten_black.zs} as we are currently loading with a different loader
[INITIALIZATION][CLIENT][INFO] [multiblocked | SIDE_CLIENT]: Skipping file {[0:contenttweaker]: reg things\liquid\molten_copper.zs} as we are currently loading with a different loader
[INITIALIZATION][CLIENT][INFO] [multiblocked | SIDE_CLIENT]: Skipping file {[0:contenttweaker]: reg things\liquid\molten_tin.zs} as we are currently loading with a different loader
[INITIALIZATION][CLIENT][INFO] [multiblocked | SIDE_CLIENT]: Skipping file {[0:contenttweaker]: reg things\liquid\tannin.zs} as we are currently loading with a different loader
[INITIALIZATION][CLIENT][INFO] [multiblocked | SIDE_CLIENT]: Skipping file {[0:contenttweaker]: reg things\tab\Ore.zs} as we are currently loading with a different loader
[INITIALIZATION][CLIENT][INFO] [multiblocked | SIDE_CLIENT]: Skipping file {[0:contenttweaker]: reg things\tools\needle.zs} as we are currently loading with a different loader
[INITIALIZATION][CLIENT][INFO] [multiblocked | SIDE_CLIENT]: Skipping file {[0:contenttweaker]: reg things\tools\textile_awl.zs} as we are currently loading with a different loader
[INITIALIZATION][CLIENT][INFO] [multiblocked | SIDE_CLIENT]: Skipping file {[0:crafttweaker]: tooltips.zs} as we are currently loading with a different loader
[INITIALIZATION][CLIENT][INFO] [multiblocked | SIDE_CLIENT]: Skipping file {[0:crafttweaker]: translate.zs} as we are currently loading with a different loader
[INITIALIZATION][CLIENT][INFO] Completed script loading in: 1ms
[POSTINITIALIZATION][CLIENT][INFO] Removing recipes for various outputs
[POSTINITIALIZATION][CLIENT][INFO] Removing recipes matching: travelersbackpack
[POSTINITIALIZATION][CLIENT][INFO] Removing recipes matching: camping
[POSTINITIALIZATION][CLIENT][INFO] Adding shaped recipe for 砖窑 with name ct_shaped-208875163
[POSTINITIALIZATION][CLIENT][INFO] Adding shaped recipe for 基础机械外壳 with name ct_shaped850977993
[POSTINITIALIZATION][CLIENT][INFO] Adding shaped recipe for 基础工作台 with name ct_shaped1832805663
[POSTINITIALIZATION][CLIENT][INFO] Adding shaped recipe for 纺织台 with name ct_shaped-833820470
[POSTINITIALIZATION][CLIENT][INFO] Adding shaped recipe for 旅行者背包 with name ct_shaped151991542
[POSTINITIALIZATION][CLIENT][INFO] Adding shapeless recipe for 羊绒 with name ct_shapeless699511730
[POSTINITIALIZATION][CLIENT][INFO] Adding shaped recipe for 白色床 with name ct_shaped1524694695
[POSTINITIALIZATION][CLIENT][INFO] Adding shapeless recipe for 青铜粉 with name ct_shapeless-442818522
[POSTINITIALIZATION][CLIENT][INFO] Adding shapeless recipe for 煤球 with name ct_shapeless-247492308
[POSTINITIALIZATION][CLIENT][INFO] Adding shapeless recipe for 煤炭 with name ct_shapeless-252799104
[POSTINITIALIZATION][CLIENT][INFO] Adding shaped recipe for 金属融炼炉 with name ct_shaped470443119
[POSTINITIALIZATION][CLIENT][INFO] Adding shaped recipe for 石 铁匠锤 with name ct_shaped-1377018966
[POSTINITIALIZATION][CLIENT][INFO] Adding shaped recipe for 基础冶炼炉 with name ct_shaped1779001749
[POSTINITIALIZATION][CLIENT][INFO] Adding shaped recipe for 棉花块 with name ct_shaped-673431061
[POSTINITIALIZATION][CLIENT][INFO] Adding shaped recipe for 棉球 with name ct_shaped1330606813
[POSTINITIALIZATION][CLIENT][INFO] Adding shaped recipe for 滑翔伞 with name ct_shaped477232427
[POSTINITIALIZATION][CLIENT][INFO] Adding shaped recipe for 帆布背包 with name ct_shaped-956641677
[POSTINITIALIZATION][CLIENT][INFO] Adding shaped recipe for 背包 with name ct_shaped689618287
[POSTINITIALIZATION][CLIENT][INFO] Adding shaped recipe for 袋子 with name ct_shaped-76273725
[POSTINITIALIZATION][CLIENT][INFO] Adding shaped recipe for 大马士革钢镐 with name ct_shaped1178002044
[POSTINITIALIZATION][CLIENT][INFO] Adding shaped recipe for 青砖 with name ct_shaped1560913065
[POSTINITIALIZATION][CLIENT][INFO] Adding shaped recipe for 石墨块 with name ct_shaped-2064695741
[POSTINITIALIZATION][CLIENT][INFO] Adding shaped recipe for 针 with name ct_shaped-1652850297
[POSTINITIALIZATION][CLIENT][INFO] Removing furnace recipes for: <minecraft:iron_ingot>
[POSTINITIALIZATION][CLIENT][INFO] 4 recipes removed for: <minecraft:iron_ingot>
[POSTINITIALIZATION][CLIENT][INFO] Removing furnace recipes for: <ore:ingot>
[POSTINITIALIZATION][CLIENT][INFO] 17 recipes removed for: <ore:ingot>
[POSTINITIALIZATION][CLIENT][INFO] Adding furnace recipe for <contenttweaker:crude_iron>
[POSTINITIALIZATION][CLIENT][INFO] Adding furnace recipe for <contenttweaker:black_brick_block>
[POSTINITIALIZATION][CLIENT][INFO] inputs: [Lcrafttweaker.api.item.IIngredient;@767a28da output: 1xitem.ingotIron@0 tool: <artisanworktables:artisans_hammer_stone>
[POSTINITIALIZATION][CLIENT][INFO] inputs: [Lcrafttweaker.api.item.IIngredient;@767a28da output: 1xitem.ingotIron@0 tool: <artisanworktables:artisans_hammer_stone>
[POSTINITIALIZATION][CLIENT][INFO] Added vil recipe for minecraft:iron_ingot
[POSTINITIALIZATION][CLIENT][INFO] inputs: [Lcrafttweaker.api.item.IIngredient;@24fd93c9 output: 1xitem.contenttweaker.normal_steel@0 tool: <artisanworktables:artisans_hammer_iron>
[POSTINITIALIZATION][CLIENT][INFO] inputs: [Lcrafttweaker.api.item.IIngredient;@24fd93c9 output: 1xitem.contenttweaker.normal_steel@0 tool: <artisanworktables:artisans_hammer_iron>
[POSTINITIALIZATION][CLIENT][INFO] Added vil recipe for contenttweaker:normal_steel
[POSTINITIALIZATION][CLIENT][INFO] Altering RecipeWorktable Recipe(s) for "tanner"
[POSTINITIALIZATION][CLIENT][INFO] Applying MrCrayfish's Furniture Mod changes...
[AVAILABLE][CLIENT][INFO] Fixed the RecipeBook
