#
# There is insufficient memory for the Java Runtime Environment to continue.
# Native memory allocation (mmap) failed to map 2818572288 bytes for Failed to commit area from 0x000000047a000000 to 0x0000000522000000 of length 2818572288.
# Possible reasons:
#   The system is out of physical RAM or swap space
#   In 32 bit mode, the process size limit was hit
# Possible solutions:
#   Reduce memory load on the system
#   Increase physical memory or swap space
#   Check if swap backing store is full
#   Use 64 bit Java on a 64 bit OS
#   Decrease Java heap size (-Xmx/-Xms)
#   Decrease number of Java threads
#   Decrease Java thread stack sizes (-Xss)
#   Set larger code cache with -XX:ReservedCodeCacheSize=
# This output file may be truncated or incomplete.
#
#  Out of Memory Error (os_windows.cpp:3331), pid=7784, tid=0x0000000000001b08
#
# JRE version: Java(TM) SE Runtime Environment (8.0_181-b13) (build 1.8.0_181-b13)
# Java VM: Java HotSpot(TM) 64-Bit Server VM (25.181-b13 mixed mode windows-amd64 compressed oops)
# Failed to write core dump. Minidumps are not enabled by default on client versions of Windows
#

---------------  T H R E A D  ---------------

Current thread (0x0000000013796800):  VMThread [stack: 0x0000000040630000,0x0000000040730000] [id=6920]

Stack: [0x0000000040630000,0x0000000040730000]
[error occurred during error reporting (printing stack bounds), id 0xc0000005]

Native frames: (J=compiled Java code, j=interpreted, Vv=VM code, C=native code)

VM_Operation (0x000000000276c1c0): G1IncCollectionPause, mode: safepoint, requested by thread 0x0000000002557000


---------------  P R O C E S S  ---------------

Java Threads: ( => current thread )
  0x0000000046b2d800 JavaThread "AWT-Windows" daemon [_thread_in_native, id=9080, stack(0x0000000054f10000,0x0000000055010000)]
  0x0000000046b2a000 JavaThread "Forge Version Check" [_thread_in_native, id=11864, stack(0x0000000053790000,0x0000000053890000)]
  0x0000000046b2b800 JavaThread "I18n-download-info-Thread" [_thread_blocked, id=9680, stack(0x0000000053430000,0x0000000053530000)]
  0x00000000428ef800 JavaThread "Thread-7" [_thread_blocked, id=11408, stack(0x00000000539c0000,0x0000000053ac0000)]
  0x0000000046b29000 JavaThread "Keep-Alive-Timer" daemon [_thread_blocked, id=8688, stack(0x0000000054070000,0x0000000054170000)]
  0x0000000046b2a800 JavaThread "ForkJoinPool.commonPool-worker-5" daemon [_thread_blocked, id=11504, stack(0x0000000051780000,0x0000000051880000)]
  0x00000000428f2800 JavaThread "ForkJoinPool.commonPool-worker-2" daemon [_thread_blocked, id=11776, stack(0x000000004cb10000,0x000000004cc10000)]
  0x00000000428f0000 JavaThread "LWJGL Timer" daemon [_thread_blocked, id=12104, stack(0x000000004ad80000,0x000000004ae80000)]
  0x00000000428ee800 JavaThread "Thread-4" [_thread_blocked, id=11396, stack(0x000000004c720000,0x000000004c820000)]
  0x00000000428ed000 JavaThread "Java2D Disposer" daemon [_thread_blocked, id=7732, stack(0x000000004aa90000,0x000000004ab90000)]
  0x00000000428ec800 JavaThread "Timer hack thread" daemon [_thread_blocked, id=8452, stack(0x000000004a8c0000,0x000000004a9c0000)]
  0x0000000045076800 JavaThread "Snooper Timer" daemon [_thread_blocked, id=9640, stack(0x0000000047cc0000,0x0000000047dc0000)]
  0x00000000463a9800 JavaThread "NanoHttpd Main Listener" daemon [_thread_in_native, id=8256, stack(0x00000000473d0000,0x00000000474d0000)]
  0x0000000040b85000 JavaThread "Service Thread" daemon [_thread_blocked, id=8244, stack(0x0000000042080000,0x0000000042180000)]
  0x0000000041453000 JavaThread "C1 CompilerThread2" daemon [_thread_blocked, id=6160, stack(0x00000000423c0000,0x00000000424c0000)]
  0x0000000041489000 JavaThread "C2 CompilerThread1" daemon [_thread_blocked, id=6856, stack(0x0000000042230000,0x0000000042330000)]
  0x000000004139a000 JavaThread "C2 CompilerThread0" daemon [_thread_blocked, id=6448, stack(0x0000000011c30000,0x0000000011d30000)]
  0x00000000137be800 JavaThread "Attach Listener" daemon [_thread_blocked, id=6600, stack(0x0000000040bd0000,0x0000000040cd0000)]
  0x00000000137be000 JavaThread "Signal Dispatcher" daemon [_thread_blocked, id=9548, stack(0x0000000041160000,0x0000000041260000)]
  0x00000000137b1800 JavaThread "Surrogate Locker Thread (Concurrent GC)" daemon [_thread_blocked, id=6784, stack(0x0000000041030000,0x0000000041130000)]
  0x00000000137a3800 JavaThread "Finalizer" daemon [_thread_blocked, id=6936, stack(0x0000000040e70000,0x0000000040f70000)]
  0x0000000013799800 JavaThread "Reference Handler" daemon [_thread_blocked, id=6912, stack(0x0000000040d00000,0x0000000040e00000)]
  0x0000000002557000 JavaThread "Client thread" [_thread_blocked, id=6876, stack(0x0000000002670000,0x0000000002770000)]

Other Threads:
=>0x0000000013796800 VMThread [stack: 0x0000000040630000,0x0000000040730000] [id=6920]
  0x0000000040b8a000 WatcherThread [stack: 0x0000000042590000,0x0000000042690000] [id=10440]

VM state:at safepoint (normal execution)

VM Mutex/Monitor currently owned by a thread:  ([mutex/lock_event])
[0x00000000025534c0] Threads_lock - owner thread: 0x0000000013796800
[0x00000000025539c0] Heap_lock - owner thread: 0x0000000002557000

Heap:
 garbage-first heap   total 5767168K, used 597538K [0x00000003c2000000, 0x00000003c3000b00, 0x00000007c0000000)
  region size 16384K, 1 young (16384K), 1 survivors (16384K)
 Metaspace       used 69338K, capacity 70267K, committed 70784K, reserved 1110016K
  class space    used 9783K, capacity 10062K, committed 10112K, reserved 1048576K

Heap Regions: (Y=young(eden), SU=young(survivor), HS=humongous(starts), HC=humongous(continues), CS=collection set, F=free, TS=gc time stamp, PTAMS=previous top-at-mark-start, NTAMS=next top-at-mark-start)
AC   0  O    TS     0 PTAMS 0x00000003c3000000 NTAMS 0x00000003c3000000 space 16384K, 100% used [0x00000003c2000000, 0x00000003c3000000)
AC   0  O    TS     0 PTAMS 0x00000003c4000000 NTAMS 0x00000003c4000000 space 16384K, 100% used [0x00000003c3000000, 0x00000003c4000000)
AC   0  O    TS     0 PTAMS 0x00000003c5000000 NTAMS 0x00000003c5000000 space 16384K, 100% used [0x00000003c4000000, 0x00000003c5000000)
AC   0  O    TS     0 PTAMS 0x00000003c6000000 NTAMS 0x00000003c6000000 space 16384K, 100% used [0x00000003c5000000, 0x00000003c6000000)
AC   0  O    TS     0 PTAMS 0x00000003c7000000 NTAMS 0x00000003c7000000 space 16384K, 100% used [0x00000003c6000000, 0x00000003c7000000)
AC   0  O    TS     0 PTAMS 0x00000003c8000000 NTAMS 0x00000003c8000000 space 16384K, 100% used [0x00000003c7000000, 0x00000003c8000000)
AC   0  O    TS     5 PTAMS 0x00000003c8000000 NTAMS 0x00000003c8000000 space 16384K, 100% used [0x00000003c8000000, 0x00000003c9000000)
AC   0 HS    TS     0 PTAMS 0x00000003c9a00010 NTAMS 0x00000003c9a00010 space 16384K,  62% used [0x00000003c9000000, 0x00000003ca000000)
AC   0  O    TS     0 PTAMS 0x00000003cb000000 NTAMS 0x00000003cb000000 space 16384K, 100% used [0x00000003ca000000, 0x00000003cb000000)
AC   0  O    TS     0 PTAMS 0x00000003cc000000 NTAMS 0x00000003cc000000 space 16384K, 100% used [0x00000003cb000000, 0x00000003cc000000)
AC   0  O    TS     0 PTAMS 0x00000003cd000000 NTAMS 0x00000003cd000000 space 16384K, 100% used [0x00000003cc000000, 0x00000003cd000000)
AC   0 HS    TS     0 PTAMS 0x00000003ce000010 NTAMS 0x00000003ce000010 space 32768K,  50% used [0x00000003cd000000, 0x00000003cf000000)
AC   0 HC    TS     0 PTAMS 0x00000003ce000000 NTAMS 0x00000003ce000000 space 16384K,   0% used [0x00000003ce000000, 0x00000003cf000000)
AC   0  O    TS     0 PTAMS 0x00000003d0000000 NTAMS 0x00000003d0000000 space 16384K, 100% used [0x00000003cf000000, 0x00000003d0000000)
AC   0  O    TS     0 PTAMS 0x00000003d1000000 NTAMS 0x00000003d1000000 space 16384K, 100% used [0x00000003d0000000, 0x00000003d1000000)
AC   0  O    TS     0 PTAMS 0x00000003d2000000 NTAMS 0x00000003d2000000 space 16384K, 100% used [0x00000003d1000000, 0x00000003d2000000)
AC   0  O    TS     7 PTAMS 0x00000003d2000000 NTAMS 0x00000003d2000000 space 16384K, 100% used [0x00000003d2000000, 0x00000003d3000000)
AC   0  O    TS     0 PTAMS 0x00000003d4000000 NTAMS 0x00000003d4000000 space 16384K, 100% used [0x00000003d3000000, 0x00000003d4000000)
AC   0  O    TS     0 PTAMS 0x00000003d5000000 NTAMS 0x00000003d5000000 space 16384K, 100% used [0x00000003d4000000, 0x00000003d5000000)
AC   0  O    TS     0 PTAMS 0x00000003d6000000 NTAMS 0x00000003d6000000 space 16384K, 100% used [0x00000003d5000000, 0x00000003d6000000)
AC   0  O    TS     0 PTAMS 0x00000003d7000000 NTAMS 0x00000003d7000000 space 16384K, 100% used [0x00000003d6000000, 0x00000003d7000000)
AC   0  O    TS     0 PTAMS 0x00000003d8000000 NTAMS 0x00000003d8000000 space 16384K, 100% used [0x00000003d7000000, 0x00000003d8000000)
AC   0  O    TS     0 PTAMS 0x00000003d9000000 NTAMS 0x00000003d9000000 space 16384K, 100% used [0x00000003d8000000, 0x00000003d9000000)
AC   0  O    TS     0 PTAMS 0x00000003da000000 NTAMS 0x00000003da000000 space 16384K, 100% used [0x00000003d9000000, 0x00000003da000000)
AC   0  O    TS     9 PTAMS 0x00000003da000000 NTAMS 0x00000003da000000 space 16384K, 100% used [0x00000003da000000, 0x00000003db000000)
AC   0  O    TS     0 PTAMS 0x00000003dc000000 NTAMS 0x00000003dc000000 space 16384K, 100% used [0x00000003db000000, 0x00000003dc000000)
AC   0  O    TS     0 PTAMS 0x00000003dd000000 NTAMS 0x00000003dd000000 space 16384K, 100% used [0x00000003dc000000, 0x00000003dd000000)
AC   0  O    TS     9 PTAMS 0x00000003dd000000 NTAMS 0x00000003dd000000 space 16384K,  87% used [0x00000003dd000000, 0x00000003de000000)
AC   0  O    TS     3 PTAMS 0x00000003de000000 NTAMS 0x00000003de000000 space 16384K, 100% used [0x00000003de000000, 0x00000003df000000)
AC   0  O    TS     3 PTAMS 0x00000003df000000 NTAMS 0x00000003df000000 space 16384K, 100% used [0x00000003df000000, 0x00000003e0000000)
AC   0  F    TS     5 PTAMS 0x00000003e0000000 NTAMS 0x00000003e0000000 space 16384K,   0% used [0x00000003e0000000, 0x00000003e1000000)
AC   0  F    TS     0 PTAMS 0x00000003e1000000 NTAMS 0x00000003e1000000 space 16384K,   0% used [0x00000003e1000000, 0x00000003e2000000)
AC   0  F    TS     0 PTAMS 0x00000003e2000000 NTAMS 0x00000003e2000000 space 16384K,   0% used [0x00000003e2000000, 0x00000003e3000000)
AC   0  O    TS     0 PTAMS 0x00000003e4000000 NTAMS 0x00000003e4000000 space 16384K, 100% used [0x00000003e3000000, 0x00000003e4000000)
AC   0  F    TS     0 PTAMS 0x00000003e4000000 NTAMS 0x00000003e4000000 space 16384K,   0% used [0x00000003e4000000, 0x00000003e5000000)
AC   0  F    TS     0 PTAMS 0x00000003e5000000 NTAMS 0x00000003e5000000 space 16384K,   0% used [0x00000003e5000000, 0x00000003e6000000)
AC   0  F    TS     0 PTAMS 0x00000003e6000000 NTAMS 0x00000003e6000000 space 16384K,   0% used [0x00000003e6000000, 0x00000003e7000000)
AC   0  O    TS     0 PTAMS 0x00000003e8000000 NTAMS 0x00000003e8000000 space 16384K, 100% used [0x00000003e7000000, 0x00000003e8000000)
AC   0  F    TS     0 PTAMS 0x00000003e8000000 NTAMS 0x00000003e8000000 space 16384K,   0% used [0x00000003e8000000, 0x00000003e9000000)
AC   0  O    TS     0 PTAMS 0x00000003e96f3200 NTAMS 0x00000003e96f3200 space 16384K, 100% used [0x00000003e9000000, 0x00000003ea000000)
AC   0  O    TS     1 PTAMS 0x00000003ea000000 NTAMS 0x00000003ea000000 space 16384K, 100% used [0x00000003ea000000, 0x00000003eb000000)
AC   0  F    TS     1 PTAMS 0x00000003eb000000 NTAMS 0x00000003eb000000 space 16384K,   0% used [0x00000003eb000000, 0x00000003ec000000)
AC   0  F    TS     3 PTAMS 0x00000003ec000000 NTAMS 0x00000003ec000000 space 16384K,   0% used [0x00000003ec000000, 0x00000003ed000000)
AC   0  O    TS     3 PTAMS 0x00000003ed000000 NTAMS 0x00000003ed000000 space 16384K, 100% used [0x00000003ed000000, 0x00000003ee000000)
AC   0  O    TS     3 PTAMS 0x00000003ee000000 NTAMS 0x00000003ee000000 space 16384K, 100% used [0x00000003ee000000, 0x00000003ef000000)
AC   0  O    TS     5 PTAMS 0x00000003ef000000 NTAMS 0x00000003ef000000 space 16384K, 100% used [0x00000003ef000000, 0x00000003f0000000)
AC   0  F    TS     5 PTAMS 0x00000003f0000000 NTAMS 0x00000003f0000000 space 16384K,   0% used [0x00000003f0000000, 0x00000003f1000000)
AC   0  F    TS     5 PTAMS 0x00000003f1000000 NTAMS 0x00000003f1000000 space 16384K,   0% used [0x00000003f1000000, 0x00000003f2000000)
AC   0  F    TS     5 PTAMS 0x00000003f2000000 NTAMS 0x00000003f2000000 space 16384K,   0% used [0x00000003f2000000, 0x00000003f3000000)
AC   0  F    TS     5 PTAMS 0x00000003f3000000 NTAMS 0x00000003f3000000 space 16384K,   0% used [0x00000003f3000000, 0x00000003f4000000)
AC   0  F    TS     5 PTAMS 0x00000003f4000000 NTAMS 0x00000003f4000000 space 16384K,   0% used [0x00000003f4000000, 0x00000003f5000000)
AC   0  F    TS     5 PTAMS 0x00000003f5000000 NTAMS 0x00000003f5000000 space 16384K,   0% used [0x00000003f5000000, 0x00000003f6000000)
AC   0  F    TS     5 PTAMS 0x00000003f6000000 NTAMS 0x00000003f6000000 space 16384K,   0% used [0x00000003f6000000, 0x00000003f7000000)
AC   0  F    TS     5 PTAMS 0x00000003f7000000 NTAMS 0x00000003f7000000 space 16384K,   0% used [0x00000003f7000000, 0x00000003f8000000)
AC   0  F    TS     5 PTAMS 0x00000003f8000000 NTAMS 0x00000003f8000000 space 16384K,   0% used [0x00000003f8000000, 0x00000003f9000000)
AC   0  F    TS     5 PTAMS 0x00000003f9000000 NTAMS 0x00000003f9000000 space 16384K,   0% used [0x00000003f9000000, 0x00000003fa000000)
AC   0  F    TS     5 PTAMS 0x00000003fa000000 NTAMS 0x00000003fa000000 space 16384K,   0% used [0x00000003fa000000, 0x00000003fb000000)
AC   0  F    TS     5 PTAMS 0x00000003fb000000 NTAMS 0x00000003fb000000 space 16384K,   0% used [0x00000003fb000000, 0x00000003fc000000)
AC   0  F    TS     5 PTAMS 0x00000003fc000000 NTAMS 0x00000003fc000000 space 16384K,   0% used [0x00000003fc000000, 0x00000003fd000000)
AC   0  F    TS     5 PTAMS 0x00000003fd000000 NTAMS 0x00000003fd000000 space 16384K,   0% used [0x00000003fd000000, 0x00000003fe000000)
AC   0  F    TS     5 PTAMS 0x00000003fe000000 NTAMS 0x00000003fe000000 space 16384K,   0% used [0x00000003fe000000, 0x00000003ff000000)
AC   0  F    TS     5 PTAMS 0x00000003ff000000 NTAMS 0x00000003ff000000 space 16384K,   0% used [0x00000003ff000000, 0x0000000400000000)
AC   0  F    TS     5 PTAMS 0x0000000400000000 NTAMS 0x0000000400000000 space 16384K,   0% used [0x0000000400000000, 0x0000000401000000)
AC   0  F    TS     5 PTAMS 0x0000000401000000 NTAMS 0x0000000401000000 space 16384K,   0% used [0x0000000401000000, 0x0000000402000000)
AC   0  F    TS     5 PTAMS 0x0000000402000000 NTAMS 0x0000000402000000 space 16384K,   0% used [0x0000000402000000, 0x0000000403000000)
AC   0  F    TS     5 PTAMS 0x0000000403000000 NTAMS 0x0000000403000000 space 16384K,   0% used [0x0000000403000000, 0x0000000404000000)
AC   0  F    TS     5 PTAMS 0x0000000404000000 NTAMS 0x0000000404000000 space 16384K,   0% used [0x0000000404000000, 0x0000000405000000)
AC   0  F    TS     5 PTAMS 0x0000000405000000 NTAMS 0x0000000405000000 space 16384K,   0% used [0x0000000405000000, 0x0000000406000000)
AC   0  F    TS     5 PTAMS 0x0000000406000000 NTAMS 0x0000000406000000 space 16384K,   0% used [0x0000000406000000, 0x0000000407000000)
AC   0  F    TS     5 PTAMS 0x0000000407000000 NTAMS 0x0000000407000000 space 16384K,   0% used [0x0000000407000000, 0x0000000408000000)
AC   0  F    TS     5 PTAMS 0x0000000408000000 NTAMS 0x0000000408000000 space 16384K,   0% used [0x0000000408000000, 0x0000000409000000)
AC   0  F    TS     5 PTAMS 0x0000000409000000 NTAMS 0x0000000409000000 space 16384K,   0% used [0x0000000409000000, 0x000000040a000000)
AC   0  F    TS     5 PTAMS 0x000000040a000000 NTAMS 0x000000040a000000 space 16384K,   0% used [0x000000040a000000, 0x000000040b000000)
AC   0  F    TS     5 PTAMS 0x000000040b000000 NTAMS 0x000000040b000000 space 16384K,   0% used [0x000000040b000000, 0x000000040c000000)
AC   0  F    TS     5 PTAMS 0x000000040c000000 NTAMS 0x000000040c000000 space 16384K,   0% used [0x000000040c000000, 0x000000040d000000)
AC   0  F    TS     5 PTAMS 0x000000040d000000 NTAMS 0x000000040d000000 space 16384K,   0% used [0x000000040d000000, 0x000000040e000000)
AC   0  F    TS     5 PTAMS 0x000000040e000000 NTAMS 0x000000040e000000 space 16384K,   0% used [0x000000040e000000, 0x000000040f000000)
AC   0  F    TS     5 PTAMS 0x000000040f000000 NTAMS 0x000000040f000000 space 16384K,   0% used [0x000000040f000000, 0x0000000410000000)
AC   0  F    TS     5 PTAMS 0x0000000410000000 NTAMS 0x0000000410000000 space 16384K,   0% used [0x0000000410000000, 0x0000000411000000)
AC   0  F    TS     5 PTAMS 0x0000000411000000 NTAMS 0x0000000411000000 space 16384K,   0% used [0x0000000411000000, 0x0000000412000000)
AC   0  F    TS     5 PTAMS 0x0000000412000000 NTAMS 0x0000000412000000 space 16384K,   0% used [0x0000000412000000, 0x0000000413000000)
AC   0  F    TS     5 PTAMS 0x0000000413000000 NTAMS 0x0000000413000000 space 16384K,   0% used [0x0000000413000000, 0x0000000414000000)
AC   0  F    TS     5 PTAMS 0x0000000414000000 NTAMS 0x0000000414000000 space 16384K,   0% used [0x0000000414000000, 0x0000000415000000)
AC   0  F    TS     5 PTAMS 0x0000000415000000 NTAMS 0x0000000415000000 space 16384K,   0% used [0x0000000415000000, 0x0000000416000000)
AC   0  F    TS     7 PTAMS 0x0000000416000000 NTAMS 0x0000000416000000 space 16384K,   0% used [0x0000000416000000, 0x0000000417000000)
AC   0  F    TS     5 PTAMS 0x0000000417000000 NTAMS 0x0000000417000000 space 16384K,   0% used [0x0000000417000000, 0x0000000418000000)
AC   0  F    TS     5 PTAMS 0x0000000418000000 NTAMS 0x0000000418000000 space 16384K,   0% used [0x0000000418000000, 0x0000000419000000)
AC   0  F    TS     5 PTAMS 0x0000000419000000 NTAMS 0x0000000419000000 space 16384K,   0% used [0x0000000419000000, 0x000000041a000000)
AC   0  F    TS     5 PTAMS 0x000000041a000000 NTAMS 0x000000041a000000 space 16384K,   0% used [0x000000041a000000, 0x000000041b000000)
AC   0  F    TS     5 PTAMS 0x000000041b000000 NTAMS 0x000000041b000000 space 16384K,   0% used [0x000000041b000000, 0x000000041c000000)
AC   0  F    TS     5 PTAMS 0x000000041c000000 NTAMS 0x000000041c000000 space 16384K,   0% used [0x000000041c000000, 0x000000041d000000)
AC   0  F    TS     5 PTAMS 0x000000041d000000 NTAMS 0x000000041d000000 space 16384K,   0% used [0x000000041d000000, 0x000000041e000000)
AC   0  F    TS     7 PTAMS 0x000000041e000000 NTAMS 0x000000041e000000 space 16384K,   0% used [0x000000041e000000, 0x000000041f000000)
AC   0  F    TS     7 PTAMS 0x000000041f000000 NTAMS 0x000000041f000000 space 16384K,   0% used [0x000000041f000000, 0x0000000420000000)
AC   0  F    TS     7 PTAMS 0x0000000420000000 NTAMS 0x0000000420000000 space 16384K,   0% used [0x0000000420000000, 0x0000000421000000)
AC   0  F    TS     7 PTAMS 0x0000000421000000 NTAMS 0x0000000421000000 space 16384K,   0% used [0x0000000421000000, 0x0000000422000000)
AC   0  F    TS     7 PTAMS 0x0000000422000000 NTAMS 0x0000000422000000 space 16384K,   0% used [0x0000000422000000, 0x0000000423000000)
AC   0  F    TS     7 PTAMS 0x0000000423000000 NTAMS 0x0000000423000000 space 16384K,   0% used [0x0000000423000000, 0x0000000424000000)
AC   0  F    TS     7 PTAMS 0x0000000424000000 NTAMS 0x0000000424000000 space 16384K,   0% used [0x0000000424000000, 0x0000000425000000)
AC   0  F    TS     7 PTAMS 0x0000000425000000 NTAMS 0x0000000425000000 space 16384K,   0% used [0x0000000425000000, 0x0000000426000000)
AC   0  F    TS     7 PTAMS 0x0000000426000000 NTAMS 0x0000000426000000 space 16384K,   0% used [0x0000000426000000, 0x0000000427000000)
AC   0  F    TS     7 PTAMS 0x0000000427000000 NTAMS 0x0000000427000000 space 16384K,   0% used [0x0000000427000000, 0x0000000428000000)
AC   0  F    TS     7 PTAMS 0x0000000428000000 NTAMS 0x0000000428000000 space 16384K,   0% used [0x0000000428000000, 0x0000000429000000)
AC   0  F    TS     7 PTAMS 0x0000000429000000 NTAMS 0x0000000429000000 space 16384K,   0% used [0x0000000429000000, 0x000000042a000000)
AC   0  F    TS     7 PTAMS 0x000000042a000000 NTAMS 0x000000042a000000 space 16384K,   0% used [0x000000042a000000, 0x000000042b000000)
AC   0  F    TS     7 PTAMS 0x000000042b000000 NTAMS 0x000000042b000000 space 16384K,   0% used [0x000000042b000000, 0x000000042c000000)
AC   0  F    TS     7 PTAMS 0x000000042c000000 NTAMS 0x000000042c000000 space 16384K,   0% used [0x000000042c000000, 0x000000042d000000)
AC   0  F    TS     7 PTAMS 0x000000042d000000 NTAMS 0x000000042d000000 space 16384K,   0% used [0x000000042d000000, 0x000000042e000000)
AC   0  F    TS     7 PTAMS 0x000000042e000000 NTAMS 0x000000042e000000 space 16384K,   0% used [0x000000042e000000, 0x000000042f000000)
AC   0  F    TS     7 PTAMS 0x000000042f000000 NTAMS 0x000000042f000000 space 16384K,   0% used [0x000000042f000000, 0x0000000430000000)
AC   0  F    TS     7 PTAMS 0x0000000430000000 NTAMS 0x0000000430000000 space 16384K,   0% used [0x0000000430000000, 0x0000000431000000)
AC   0  F    TS     7 PTAMS 0x0000000431000000 NTAMS 0x0000000431000000 space 16384K,   0% used [0x0000000431000000, 0x0000000432000000)
AC   0  F    TS     7 PTAMS 0x0000000432000000 NTAMS 0x0000000432000000 space 16384K,   0% used [0x0000000432000000, 0x0000000433000000)
AC   0  F    TS     7 PTAMS 0x0000000433000000 NTAMS 0x0000000433000000 space 16384K,   0% used [0x0000000433000000, 0x0000000434000000)
AC   0  F    TS     7 PTAMS 0x0000000434000000 NTAMS 0x0000000434000000 space 16384K,   0% used [0x0000000434000000, 0x0000000435000000)
AC   0  F    TS     7 PTAMS 0x0000000435000000 NTAMS 0x0000000435000000 space 16384K,   0% used [0x0000000435000000, 0x0000000436000000)
AC   0  F    TS     7 PTAMS 0x0000000436000000 NTAMS 0x0000000436000000 space 16384K,   0% used [0x0000000436000000, 0x0000000437000000)
AC   0  F    TS     7 PTAMS 0x0000000437000000 NTAMS 0x0000000437000000 space 16384K,   0% used [0x0000000437000000, 0x0000000438000000)
AC   0  F    TS     7 PTAMS 0x0000000438000000 NTAMS 0x0000000438000000 space 16384K,   0% used [0x0000000438000000, 0x0000000439000000)
AC   0  F    TS     7 PTAMS 0x0000000439000000 NTAMS 0x0000000439000000 space 16384K,   0% used [0x0000000439000000, 0x000000043a000000)
AC   0  F    TS     7 PTAMS 0x000000043a000000 NTAMS 0x000000043a000000 space 16384K,   0% used [0x000000043a000000, 0x000000043b000000)
AC   0  F    TS     7 PTAMS 0x000000043b000000 NTAMS 0x000000043b000000 space 16384K,   0% used [0x000000043b000000, 0x000000043c000000)
AC   0  F    TS     7 PTAMS 0x000000043c000000 NTAMS 0x000000043c000000 space 16384K,   0% used [0x000000043c000000, 0x000000043d000000)
AC   0  F    TS     7 PTAMS 0x000000043d000000 NTAMS 0x000000043d000000 space 16384K,   0% used [0x000000043d000000, 0x000000043e000000)
AC   0  F    TS     7 PTAMS 0x000000043e000000 NTAMS 0x000000043e000000 space 16384K,   0% used [0x000000043e000000, 0x000000043f000000)
AC   0  F    TS     7 PTAMS 0x000000043f000000 NTAMS 0x000000043f000000 space 16384K,   0% used [0x000000043f000000, 0x0000000440000000)
AC   0  F    TS     7 PTAMS 0x0000000440000000 NTAMS 0x0000000440000000 space 16384K,   0% used [0x0000000440000000, 0x0000000441000000)
AC   0  F    TS     7 PTAMS 0x0000000441000000 NTAMS 0x0000000441000000 space 16384K,   0% used [0x0000000441000000, 0x0000000442000000)
AC   0  F    TS     7 PTAMS 0x0000000442000000 NTAMS 0x0000000442000000 space 16384K,   0% used [0x0000000442000000, 0x0000000443000000)
AC   0  F    TS     7 PTAMS 0x0000000443000000 NTAMS 0x0000000443000000 space 16384K,   0% used [0x0000000443000000, 0x0000000444000000)
AC   0  F    TS     7 PTAMS 0x0000000444000000 NTAMS 0x0000000444000000 space 16384K,   0% used [0x0000000444000000, 0x0000000445000000)
AC   0  F    TS     7 PTAMS 0x0000000445000000 NTAMS 0x0000000445000000 space 16384K,   0% used [0x0000000445000000, 0x0000000446000000)
AC   0  F    TS     7 PTAMS 0x0000000446000000 NTAMS 0x0000000446000000 space 16384K,   0% used [0x0000000446000000, 0x0000000447000000)
AC   0  F    TS     7 PTAMS 0x0000000447000000 NTAMS 0x0000000447000000 space 16384K,   0% used [0x0000000447000000, 0x0000000448000000)
AC   0  F    TS     7 PTAMS 0x0000000448000000 NTAMS 0x0000000448000000 space 16384K,   0% used [0x0000000448000000, 0x0000000449000000)
AC   0  F    TS     7 PTAMS 0x0000000449000000 NTAMS 0x0000000449000000 space 16384K,   0% used [0x0000000449000000, 0x000000044a000000)
AC   0  F    TS     7 PTAMS 0x000000044a000000 NTAMS 0x000000044a000000 space 16384K,   0% used [0x000000044a000000, 0x000000044b000000)
AC   0  F    TS     7 PTAMS 0x000000044b000000 NTAMS 0x000000044b000000 space 16384K,   0% used [0x000000044b000000, 0x000000044c000000)
AC   0  F    TS     7 PTAMS 0x000000044c000000 NTAMS 0x000000044c000000 space 16384K,   0% used [0x000000044c000000, 0x000000044d000000)
AC   0  F    TS     7 PTAMS 0x000000044d000000 NTAMS 0x000000044d000000 space 16384K,   0% used [0x000000044d000000, 0x000000044e000000)
AC   0  F    TS     7 PTAMS 0x000000044e000000 NTAMS 0x000000044e000000 space 16384K,   0% used [0x000000044e000000, 0x000000044f000000)
AC   0  F    TS     7 PTAMS 0x000000044f000000 NTAMS 0x000000044f000000 space 16384K,   0% used [0x000000044f000000, 0x0000000450000000)
AC   0  F    TS     7 PTAMS 0x0000000450000000 NTAMS 0x0000000450000000 space 16384K,   0% used [0x0000000450000000, 0x0000000451000000)
AC   0  F    TS     7 PTAMS 0x0000000451000000 NTAMS 0x0000000451000000 space 16384K,   0% used [0x0000000451000000, 0x0000000452000000)
AC   0  F    TS     7 PTAMS 0x0000000452000000 NTAMS 0x0000000452000000 space 16384K,   0% used [0x0000000452000000, 0x0000000453000000)
AC   0  F    TS     7 PTAMS 0x0000000453000000 NTAMS 0x0000000453000000 space 16384K,   0% used [0x0000000453000000, 0x0000000454000000)
AC   0  F    TS     7 PTAMS 0x0000000454000000 NTAMS 0x0000000454000000 space 16384K,   0% used [0x0000000454000000, 0x0000000455000000)
AC   0  F    TS     7 PTAMS 0x0000000455000000 NTAMS 0x0000000455000000 space 16384K,   0% used [0x0000000455000000, 0x0000000456000000)
AC   0  F    TS     7 PTAMS 0x0000000456000000 NTAMS 0x0000000456000000 space 16384K,   0% used [0x0000000456000000, 0x0000000457000000)
AC   0  F    TS     7 PTAMS 0x0000000457000000 NTAMS 0x0000000457000000 space 16384K,   0% used [0x0000000457000000, 0x0000000458000000)
AC   0  F    TS     7 PTAMS 0x0000000458000000 NTAMS 0x0000000458000000 space 16384K,   0% used [0x0000000458000000, 0x0000000459000000)
AC   0  F    TS     7 PTAMS 0x0000000459000000 NTAMS 0x0000000459000000 space 16384K,   0% used [0x0000000459000000, 0x000000045a000000)
AC   0  F    TS     7 PTAMS 0x000000045a000000 NTAMS 0x000000045a000000 space 16384K,   0% used [0x000000045a000000, 0x000000045b000000)
AC   0  F    TS     7 PTAMS 0x000000045b000000 NTAMS 0x000000045b000000 space 16384K,   0% used [0x000000045b000000, 0x000000045c000000)
AC   0  F    TS     7 PTAMS 0x000000045c000000 NTAMS 0x000000045c000000 space 16384K,   0% used [0x000000045c000000, 0x000000045d000000)
AC   0  F    TS     7 PTAMS 0x000000045d000000 NTAMS 0x000000045d000000 space 16384K,   0% used [0x000000045d000000, 0x000000045e000000)
AC   0  F    TS     7 PTAMS 0x000000045e000000 NTAMS 0x000000045e000000 space 16384K,   0% used [0x000000045e000000, 0x000000045f000000)
AC   0  F    TS     7 PTAMS 0x000000045f000000 NTAMS 0x000000045f000000 space 16384K,   0% used [0x000000045f000000, 0x0000000460000000)
AC   0  F    TS     7 PTAMS 0x0000000460000000 NTAMS 0x0000000460000000 space 16384K,   0% used [0x0000000460000000, 0x0000000461000000)
AC   0  F    TS     7 PTAMS 0x0000000461000000 NTAMS 0x0000000461000000 space 16384K,   0% used [0x0000000461000000, 0x0000000462000000)
AC   0  F    TS     7 PTAMS 0x0000000462000000 NTAMS 0x0000000462000000 space 16384K,   0% used [0x0000000462000000, 0x0000000463000000)
AC   0  F    TS     7 PTAMS 0x0000000463000000 NTAMS 0x0000000463000000 space 16384K,   0% used [0x0000000463000000, 0x0000000464000000)
AC   0  F    TS     7 PTAMS 0x0000000464000000 NTAMS 0x0000000464000000 space 16384K,   0% used [0x0000000464000000, 0x0000000465000000)
AC   0  F    TS     7 PTAMS 0x0000000465000000 NTAMS 0x0000000465000000 space 16384K,   0% used [0x0000000465000000, 0x0000000466000000)
AC   0  F    TS     7 PTAMS 0x0000000466000000 NTAMS 0x0000000466000000 space 16384K,   0% used [0x0000000466000000, 0x0000000467000000)
AC   0  F    TS     7 PTAMS 0x0000000467000000 NTAMS 0x0000000467000000 space 16384K,   0% used [0x0000000467000000, 0x0000000468000000)
AC   0  F    TS     7 PTAMS 0x0000000468000000 NTAMS 0x0000000468000000 space 16384K,   0% used [0x0000000468000000, 0x0000000469000000)
AC   0  F    TS     7 PTAMS 0x0000000469000000 NTAMS 0x0000000469000000 space 16384K,   0% used [0x0000000469000000, 0x000000046a000000)
AC   0  F    TS     7 PTAMS 0x000000046a000000 NTAMS 0x000000046a000000 space 16384K,   0% used [0x000000046a000000, 0x000000046b000000)
AC   0  F    TS     7 PTAMS 0x000000046b000000 NTAMS 0x000000046b000000 space 16384K,   0% used [0x000000046b000000, 0x000000046c000000)
AC   0  F    TS     7 PTAMS 0x000000046c000000 NTAMS 0x000000046c000000 space 16384K,   0% used [0x000000046c000000, 0x000000046d000000)
AC   0  F    TS     7 PTAMS 0x000000046d000000 NTAMS 0x000000046d000000 space 16384K,   0% used [0x000000046d000000, 0x000000046e000000)
AC   0  F    TS     7 PTAMS 0x000000046e000000 NTAMS 0x000000046e000000 space 16384K,   0% used [0x000000046e000000, 0x000000046f000000)
AC   0  F    TS     7 PTAMS 0x000000046f000000 NTAMS 0x000000046f000000 space 16384K,   0% used [0x000000046f000000, 0x0000000470000000)
AC   0  F    TS     7 PTAMS 0x0000000470000000 NTAMS 0x0000000470000000 space 16384K,   0% used [0x0000000470000000, 0x0000000471000000)
AC   0  F    TS     7 PTAMS 0x0000000471000000 NTAMS 0x0000000471000000 space 16384K,   0% used [0x0000000471000000, 0x0000000472000000)
AC   0  S CS TS     9 PTAMS 0x0000000472000000 NTAMS 0x0000000472000000 space 16384K,  97% used [0x0000000472000000, 0x0000000473000000)
AC   0  F    TS     7 PTAMS 0x0000000473000000 NTAMS 0x0000000473000000 space 16384K,   0% used [0x0000000473000000, 0x0000000474000000)
AC   0  F    TS     7 PTAMS 0x0000000474000000 NTAMS 0x0000000474000000 space 16384K,   0% used [0x0000000474000000, 0x0000000475000000)
AC   0  F    TS     7 PTAMS 0x0000000475000000 NTAMS 0x0000000475000000 space 16384K,   0% used [0x0000000475000000, 0x0000000476000000)
AC   0  F    TS     7 PTAMS 0x0000000476000000 NTAMS 0x0000000476000000 space 16384K,   0% used [0x0000000476000000, 0x0000000477000000)
AC   0  F    TS     7 PTAMS 0x0000000477000000 NTAMS 0x0000000477000000 space 16384K,   0% used [0x0000000477000000, 0x0000000478000000)
AC   0  F    TS     7 PTAMS 0x0000000478000000 NTAMS 0x0000000478000000 space 16384K,   0% used [0x0000000478000000, 0x0000000479000000)
AC   0  F    TS     7 PTAMS 0x0000000479000000 NTAMS 0x0000000479000000 space 16384K,   0% used [0x0000000479000000, 0x000000047a000000)

Card table byte_map: [0x00000000177a0000,0x0000000019790000] byte_map_base: 0x0000000015990000

Marking Bits (Prev, Next): (CMBitMap*) 0x0000000002591db0, (CMBitMap*) 0x0000000002591d58
 Prev Bits: [0x000000002d130000, 0x000000003d0b0000)
 Next Bits: [0x000000001b780000, 0x000000002b700000)

Polling page: 0x0000000000160000

CodeCache: size=245760Kb used=25271Kb max_used=25283Kb free=220488Kb
 bounds [0x0000000002870000, 0x0000000004190000, 0x0000000011870000]
 total_blobs=7147 nmethods=6244 adapters=816
 compilation: enabled

Compilation events (10 events):
Event: 28.367 Thread 0x0000000041453000 9025       3       java.math.BigInteger::<init> (82 bytes)
Event: 28.367 Thread 0x0000000041453000 nmethod 9025 0x0000000003d1d490 code [0x0000000003d1d680, 0x0000000003d1de38]
Event: 28.538 Thread 0x000000004139a000 9030       4       java.nio.DirectByteBuffer::put (18 bytes)
Event: 28.539 Thread 0x000000004139a000 nmethod 9030 0x0000000003db7450 code [0x0000000003db7580, 0x0000000003db7638]
Event: 28.570 Thread 0x0000000041453000 9031       3       java.util.concurrent.CopyOnWriteArrayList$COWIterator::next (32 bytes)
Event: 28.570 Thread 0x0000000041453000 nmethod 9031 0x0000000003d1ce50 code [0x0000000003d1cfc0, 0x0000000003d1d368]
Event: 28.715 Thread 0x0000000041489000 9032       4       net.minecraft.client.gui.FontRenderer::func_175065_a (104 bytes)
Event: 28.717 Thread 0x0000000041489000 nmethod 9032 0x0000000003d1b710 code [0x0000000003d1b8a0, 0x0000000003d1bd48]
Event: 28.763 Thread 0x000000004139a000 9033       4       org.lwjgl.opengl.GL11::glPushMatrix (18 bytes)
Event: 28.764 Thread 0x000000004139a000 nmethod 9033 0x00000000032dd790 code [0x00000000032dd8e0, 0x00000000032dd9d8]

GC Heap History (10 events):
Event: 28.521 GC heap after
Heap after GC invocations=126 (full 0):
 garbage-first heap   total 671744K, used 513781K [0x00000003c2000000, 0x00000003c3000148, 0x00000007c0000000)
  region size 16384K, 1 young (16384K), 1 survivors (16384K)
 Metaspace       used 69338K, capacity 70267K, committed 70784K, reserved 1110016K
  class space    used 9783K, capacity 10062K, committed 10112K, reserved 1048576K
}
Event: 28.679 GC heap before
{Heap before GC invocations=127 (full 0):
 garbage-first heap   total 671744K, used 628469K [0x00000003c2000000, 0x00000003c3000148, 0x00000007c0000000)
  region size 16384K, 8 young (131072K), 1 survivors (16384K)
 Metaspace       used 69338K, capacity 70267K, committed 70784K, reserved 1110016K
  class space    used 9783K, capacity 10062K, committed 10112K, reserved 1048576K
Event: 28.699 GC heap after
Heap after GC invocations=128 (full 0):
 garbage-first heap   total 688128K, used 529060K [0x00000003c2000000, 0x00000003c3000150, 0x00000007c0000000)
  region size 16384K, 1 young (16384K), 1 survivors (16384K)
 Metaspace       used 69338K, capacity 70267K, committed 70784K, reserved 1110016K
  class space    used 9783K, capacity 10062K, committed 10112K, reserved 1048576K
}
Event: 28.813 GC heap before
{Heap before GC invocations=128 (full 0):
 garbage-first heap   total 688128K, used 643748K [0x00000003c2000000, 0x00000003c3000150, 0x00000007c0000000)
  region size 16384K, 8 young (131072K), 1 survivors (16384K)
 Metaspace       used 69338K, capacity 70267K, committed 70784K, reserved 1110016K
  class space    used 9783K, capacity 10062K, committed 10112K, reserved 1048576K
Event: 28.888 GC heap after
Heap after GC invocations=129 (full 0):
 garbage-first heap   total 753664K, used 523872K [0x00000003c2000000, 0x00000003c3000170, 0x00000007c0000000)
  region size 16384K, 1 young (16384K), 1 survivors (16384K)
 Metaspace       used 69338K, capacity 70267K, committed 70784K, reserved 1110016K
  class space    used 9783K, capacity 10062K, committed 10112K, reserved 1048576K
}
Event: 29.007 GC heap before
{Heap before GC invocations=129 (full 0):
 garbage-first heap   total 753664K, used 638560K [0x00000003c2000000, 0x00000003c3000170, 0x00000007c0000000)
  region size 16384K, 8 young (131072K), 1 survivors (16384K)
 Metaspace       used 69338K, capacity 70267K, committed 70784K, reserved 1110016K
  class space    used 9783K, capacity 10062K, committed 10112K, reserved 1048576K
Event: 29.024 GC heap after
Heap after GC invocations=130 (full 0):
 garbage-first heap   total 1507328K, used 563881K [0x00000003c2000000, 0x00000003c30002e0, 0x00000007c0000000)
  region size 16384K, 1 young (16384K), 1 survivors (16384K)
 Metaspace       used 69338K, capacity 70267K, committed 70784K, reserved 1110016K
  class space    used 9783K, capacity 10062K, committed 10112K, reserved 1048576K
}
Event: 29.182 GC heap before
{Heap before GC invocations=130 (full 0):
 garbage-first heap   total 1507328K, used 678569K [0x00000003c2000000, 0x00000003c30002e0, 0x00000007c0000000)
  region size 16384K, 8 young (131072K), 1 survivors (16384K)
 Metaspace       used 69338K, capacity 70267K, committed 70784K, reserved 1110016K
  class space    used 9783K, capacity 10062K, committed 10112K, reserved 1048576K
Event: 29.207 GC heap after
Heap after GC invocations=131 (full 0):
 garbage-first heap   total 3014656K, used 579957K [0x00000003c2000000, 0x00000003c30005c0, 0x00000007c0000000)
  region size 16384K, 1 young (16384K), 1 survivors (16384K)
 Metaspace       used 69338K, capacity 70267K, committed 70784K, reserved 1110016K
  class space    used 9783K, capacity 10062K, committed 10112K, reserved 1048576K
}
Event: 29.363 GC heap before
{Heap before GC invocations=131 (full 0):
 garbage-first heap   total 3014656K, used 694645K [0x00000003c2000000, 0x00000003c30005c0, 0x00000007c0000000)
  region size 16384K, 8 young (131072K), 1 survivors (16384K)
 Metaspace       used 69338K, capacity 70267K, committed 70784K, reserved 1110016K
  class space    used 9783K, capacity 10062K, committed 10112K, reserved 1048576K

Deoptimization events (10 events):
Event: 28.004 Thread 0x0000000002557000 Uncommon trap: reason=class_check action=maybe_recompile pc=0x0000000003c25dd0 method=net.minecraft.util.math.Cartesian$Product$ProductIterator.hasNext()Z @ 100
Event: 28.009 Thread 0x0000000002557000 Uncommon trap: reason=class_check action=maybe_recompile pc=0x00000000040f3cbc method=net.minecraft.util.math.Cartesian$Product$ProductIterator.hasNext()Z @ 134
Event: 28.009 Thread 0x0000000002557000 Uncommon trap: reason=class_check action=maybe_recompile pc=0x00000000040f3cbc method=net.minecraft.util.math.Cartesian$Product$ProductIterator.hasNext()Z @ 134
Event: 28.024 Thread 0x0000000002557000 Uncommon trap: reason=null_check action=none pc=0x000000000351003c method=sun.misc.URLClassPath.check(Ljava/net/URL;)V @ 14
Event: 28.026 Thread 0x0000000002557000 Uncommon trap: reason=null_check action=none pc=0x000000000351003c method=sun.misc.URLClassPath.check(Ljava/net/URL;)V @ 14
Event: 28.028 Thread 0x0000000002557000 Uncommon trap: reason=bimorphic action=maybe_recompile pc=0x0000000003861390 method=net.minecraft.block.state.BlockStateContainer$StateImplementation.func_177235_a(Ljava/util/Map;)V @ 65
Event: 28.028 Thread 0x0000000002557000 Uncommon trap: reason=unstable_if action=reinterpret pc=0x00000000038e2434 method=net.minecraft.block.properties.PropertyHelper.equals(Ljava/lang/Object;)Z @ 11
Event: 28.028 Thread 0x0000000002557000 Uncommon trap: reason=bimorphic action=maybe_recompile pc=0x0000000003861390 method=net.minecraft.block.state.BlockStateContainer$StateImplementation.func_177235_a(Ljava/util/Map;)V @ 65
Event: 28.029 Thread 0x0000000002557000 Uncommon trap: reason=bimorphic action=maybe_recompile pc=0x0000000003861390 method=net.minecraft.block.state.BlockStateContainer$StateImplementation.func_177235_a(Ljava/util/Map;)V @ 65
Event: 28.029 Thread 0x0000000002557000 Uncommon trap: reason=bimorphic action=maybe_recompile pc=0x0000000003861390 method=net.minecraft.block.state.BlockStateContainer$StateImplementation.func_177235_a(Ljava/util/Map;)V @ 65

Classes redefined (0 events):
No events

Internal exceptions (10 events):
Event: 25.320 Thread 0x0000000002557000 Exception <a 'java/lang/ArrayIndexOutOfBoundsException': 54> (0x00000003e538c608) thrown at [C:\re\workspace\8-2-build-windows-amd64-cygwin\jdk8u181\11358\hotspot\src\share\vm\interpreter\interpreterRuntime.cpp, line 366]
Event: 25.320 Thread 0x0000000002557000 Exception <a 'java/lang/ArrayIndexOutOfBoundsException': 53> (0x00000003e538e310) thrown at [C:\re\workspace\8-2-build-windows-amd64-cygwin\jdk8u181\11358\hotspot\src\share\vm\interpreter\interpreterRuntime.cpp, line 366]
Event: 25.503 Thread 0x0000000046b2a000 Implicit null exception at 0x00000000034f0812 to 0x00000000034f0d21
Event: 26.311 Thread 0x0000000002557000 Exception <a 'java/lang/ArrayIndexOutOfBoundsException': 132> (0x00000003e43fe210) thrown at [C:\re\workspace\8-2-build-windows-amd64-cygwin\jdk8u181\11358\hotspot\src\share\vm\interpreter\interpreterRuntime.cpp, line 366]
Event: 26.379 Thread 0x0000000002557000 Exception <a 'java/lang/ArrayIndexOutOfBoundsException': 92> (0x00000003e10bfe28) thrown at [C:\re\workspace\8-2-build-windows-amd64-cygwin\jdk8u181\11358\hotspot\src\share\vm\interpreter\interpreterRuntime.cpp, line 366]
Event: 26.379 Thread 0x0000000002557000 Exception <a 'java/lang/ArrayIndexOutOfBoundsException': 86> (0x00000003e10ccf20) thrown at [C:\re\workspace\8-2-build-windows-amd64-cygwin\jdk8u181\11358\hotspot\src\share\vm\interpreter\interpreterRuntime.cpp, line 366]
Event: 26.448 Thread 0x0000000002557000 Implicit null exception at 0x000000000311d0f7 to 0x000000000311d4c8
Event: 27.997 Thread 0x0000000002557000 Exception <a 'java/lang/ArrayIndexOutOfBoundsException': 143> (0x00000003e291a3f8) thrown at [C:\re\workspace\8-2-build-windows-amd64-cygwin\jdk8u181\11358\hotspot\src\share\vm\interpreter\interpreterRuntime.cpp, line 366]
Event: 27.997 Thread 0x0000000002557000 Exception <a 'java/lang/ArrayIndexOutOfBoundsException': 87> (0x00000003e29255a0) thrown at [C:\re\workspace\8-2-build-windows-amd64-cygwin\jdk8u181\11358\hotspot\src\share\vm\interpreter\interpreterRuntime.cpp, line 366]
Event: 27.998 Thread 0x0000000002557000 Exception <a 'java/lang/ArrayIndexOutOfBoundsException': 57> (0x00000003e2927d30) thrown at [C:\re\workspace\8-2-build-windows-amd64-cygwin\jdk8u181\11358\hotspot\src\share\vm\interpreter\interpreterRuntime.cpp, line 366]

Events (10 events):
Event: 28.668 Executing VM operation: CGC_Operation done
Event: 28.679 Executing VM operation: G1IncCollectionPause
Event: 28.699 Executing VM operation: G1IncCollectionPause done
Event: 28.813 Executing VM operation: G1IncCollectionPause
Event: 28.888 Executing VM operation: G1IncCollectionPause done
Event: 29.007 Executing VM operation: G1IncCollectionPause
Event: 29.024 Executing VM operation: G1IncCollectionPause done
Event: 29.182 Executing VM operation: G1IncCollectionPause
Event: 29.207 Executing VM operation: G1IncCollectionPause done
Event: 29.363 Executing VM operation: G1IncCollectionPause


Dynamic libraries:
0x000000013fdb0000 - 0x000000013fde7000 	C:\Program Files\Java\jre1.8.0_181\bin\java.exe
0x00000000771b0000 - 0x000000007734f000 	C:\Windows\SYSTEM32\ntdll.dll
0x0000000077090000 - 0x00000000771b0000 	C:\Windows\system32\kernel32.dll
0x000007fefcd70000 - 0x000007fefcdd7000 	C:\Windows\system32\KERNELBASE.dll
0x000007fefe640000 - 0x000007fefe71b000 	C:\Windows\system32\ADVAPI32.dll
0x000007feff030000 - 0x000007feff0cf000 	C:\Windows\system32\msvcrt.dll
0x000007feff300000 - 0x000007feff31f000 	C:\Windows\SYSTEM32\sechost.dll
0x000007fefece0000 - 0x000007fefee0c000 	C:\Windows\system32\RPCRT4.dll
0x0000000076f90000 - 0x000000007708b000 	C:\Windows\system32\USER32.dll
0x000007feff430000 - 0x000007feff497000 	C:\Windows\system32\GDI32.dll
0x000007fefec80000 - 0x000007fefec8e000 	C:\Windows\system32\LPK.dll
0x000007fefef50000 - 0x000007feff01b000 	C:\Windows\system32\USP10.dll
0x000007fefacd0000 - 0x000007fefaec5000 	C:\Windows\WinSxS\amd64_microsoft.windows.common-controls_6595b64144ccf1df_6.0.7601.24483_none_e372d88f30fbb845\COMCTL32.dll
0x000007fefec00000 - 0x000007fefec71000 	C:\Windows\system32\SHLWAPI.dll
0x000007fefebd0000 - 0x000007fefebfe000 	C:\Windows\system32\IMM32.DLL
0x000007feff320000 - 0x000007feff42b000 	C:\Windows\system32\MSCTF.dll
0x0000000071e90000 - 0x0000000071e9c000 	C:\??\D:\360Safe\safemon\SafeWrapper.dll
0x000007fef8350000 - 0x000007fef83e2000 	D:\360Safe\safemon\libzdtp64.dll
0x000007fefd120000 - 0x000007fefdeab000 	C:\Windows\system32\SHELL32.dll
0x000007fefca50000 - 0x000007fefca5c000 	C:\Windows\system32\VERSION.dll
0x000007fefbef0000 - 0x000007fefbef3000 	C:\Windows\system32\api-ms-win-core-synch-l1-2-0.DLL
0x00000000788c0000 - 0x0000000078992000 	C:\Program Files\Java\jre1.8.0_181\bin\msvcr100.dll
0x0000000070580000 - 0x0000000070e22000 	C:\Program Files\Java\jre1.8.0_181\bin\server\jvm.dll
0x000007fef02b0000 - 0x000007fef02b9000 	C:\Windows\system32\WSOCK32.dll
0x000007fefec90000 - 0x000007fefecdd000 	C:\Windows\system32\WS2_32.dll
0x000007feff020000 - 0x000007feff028000 	C:\Windows\system32\NSI.dll
0x000007fef9ea0000 - 0x000007fef9edb000 	C:\Windows\system32\WINMM.dll
0x0000000077350000 - 0x0000000077357000 	C:\Windows\system32\PSAPI.DLL
0x0000000000150000 - 0x000000000015f000 	C:\Program Files\Java\jre1.8.0_181\bin\verify.dll
0x000000006d130000 - 0x000000006d159000 	C:\Program Files\Java\jre1.8.0_181\bin\java.dll
0x000000006d190000 - 0x000000006d1b3000 	C:\Program Files\Java\jre1.8.0_181\bin\instrument.dll
0x0000000071180000 - 0x0000000071196000 	C:\Program Files\Java\jre1.8.0_181\bin\zip.dll
0x000007fefe180000 - 0x000007fefe37f000 	C:\Windows\system32\ole32.dll
0x000007fefcd10000 - 0x000007fefcd1f000 	C:\Windows\system32\profapi.dll
0x00000000003b0000 - 0x00000000003ca000 	C:\Program Files\Java\jre1.8.0_181\bin\net.dll
0x000007fefc3d0000 - 0x000007fefc425000 	C:\Windows\system32\mswsock.dll
0x000007fefc3c0000 - 0x000007fefc3c7000 	C:\Windows\System32\wship6.dll
0x0000000001c40000 - 0x0000000001c51000 	C:\Program Files\Java\jre1.8.0_181\bin\nio.dll
0x000007fefb7d0000 - 0x000007fefb7d7000 	C:\Windows\System32\wshtcpip.dll
0x000007fefc250000 - 0x000007fefc2ab000 	C:\Windows\system32\DNSAPI.dll
0x000007fefbc50000 - 0x000007fefbc77000 	C:\Windows\system32\IPHLPAPI.DLL
0x000007fefbc40000 - 0x000007fefbc4b000 	C:\Windows\system32\WINNSI.DLL
0x000007fef52a0000 - 0x000007fef52a8000 	C:\Windows\system32\rasadhlp.dll
0x000007fef9c80000 - 0x000007fef9cd3000 	C:\Windows\System32\fwpuclnt.dll
0x00000000001a0000 - 0x00000000001ad000 	C:\Program Files\Java\jre1.8.0_181\bin\management.dll
0x000007fefa1b0000 - 0x000007fefa1c5000 	C:\Windows\system32\NLAapi.dll
0x000007fefa6f0000 - 0x000007fefa705000 	C:\Windows\system32\napinsp.dll
0x000007fefa6d0000 - 0x000007fefa6e9000 	C:\Windows\system32\pnrpnsp.dll
0x000007fefa6c0000 - 0x000007fefa6cb000 	C:\Windows\System32\winrnr.dll
0x000007fefa6b0000 - 0x000007fefa6c0000 	C:\Windows\system32\wshbth.dll
0x0000000001d00000 - 0x0000000001d24000 	C:\Program Files\Java\jre1.8.0_181\bin\sunec.dll
0x000007fefc430000 - 0x000007fefc448000 	C:\Windows\system32\CRYPTSP.dll
0x000007fefc130000 - 0x000007fefc177000 	C:\Windows\system32\rsaenh.dll
0x000007fefcde0000 - 0x000007fefcdff000 	C:\Windows\system32\USERENV.dll
0x000007fefcba0000 - 0x000007fefcbaf000 	C:\Windows\system32\CRYPTBASE.dll
0x00000000717b0000 - 0x00000000717c7000 	C:\Program Files\Java\jre1.8.0_181\bin\unpack.dll
0x0000000180000000 - 0x0000000180053000 	C:\Users\Administrator\Desktop\.minecraft\versions\MineLife2\natives-windows-x86_64\lwjgl64.dll
0x000007fee7160000 - 0x000007fee727d000 	C:\Windows\system32\OPENGL32.dll
0x000007fef0990000 - 0x000007fef09bd000 	C:\Windows\system32\GLU32.dll
0x000007fee7060000 - 0x000007fee7151000 	C:\Windows\system32\DDRAW.dll
0x000007fef0980000 - 0x000007fef0988000 	C:\Windows\system32\DCIMAN32.dll
0x000007fefe460000 - 0x000007fefe637000 	C:\Windows\system32\SETUPAPI.dll
0x000007fefce00000 - 0x000007fefce36000 	C:\Windows\system32\CFGMGR32.dll
0x000007fefe380000 - 0x000007fefe45b000 	C:\Windows\system32\OLEAUT32.dll
0x000007fefd090000 - 0x000007fefd0aa000 	C:\Windows\system32\DEVOBJ.dll
0x000007fefaed0000 - 0x000007fefaee8000 	C:\Windows\system32\dwmapi.dll
0x000000006c8a0000 - 0x000000006ca39000 	C:\Program Files\Java\jre1.8.0_181\bin\awt.dll
0x000007fefac70000 - 0x000007fefacc6000 	C:\Windows\system32\uxtheme.dll
0x000007fec2560000 - 0x000007fec4eae000 	C:\Windows\system32\nvoglv64.DLL
0x000007fefbc80000 - 0x000007fefbc91000 	C:\Windows\system32\WTSAPI32.dll
0x000007fefcd00000 - 0x000007fefcd0f000 	C:\Windows\system32\msasn1.dll
0x000007fefbe90000 - 0x000007fefbeb7000 	C:\Windows\system32\cryptnet.dll
0x000007fefcf20000 - 0x000007fefd08d000 	C:\Windows\system32\CRYPT32.dll
0x000007fefd0c0000 - 0x000007fefd112000 	C:\Windows\system32\WLDAP32.dll
0x000007fefcd30000 - 0x000007fefcd6b000 	C:\Windows\system32\WINTRUST.dll
0x000007fefbec0000 - 0x000007fefbeed000 	C:\Windows\system32\ntmarta.dll
0x000007fef8dc0000 - 0x000007fef8e5c000 	C:\Windows\system32\mscms.dll
0x000007feeffc0000 - 0x000007fef0002000 	C:\Windows\system32\icm32.dll
0x000007fefcb00000 - 0x000007fefcb3d000 	C:\Windows\system32\WINSTA.dll
0x000007fee8190000 - 0x000007fee81d2000 	C:\Users\Administrator\AppData\Local\Temp\jna-146731693\jna1130943805745282533.dll
0x000007fef9c10000 - 0x000007fef9c21000 	C:\Windows\system32\dhcpcsvc6.DLL
0x000007fef9be0000 - 0x000007fef9bf8000 	C:\Windows\system32\dhcpcsvc.DLL
0x0000000002470000 - 0x000000000247b000 	C:\Program Files\Java\jre1.8.0_181\bin\sunmscapi.dll
0x000000006c6e0000 - 0x000000006c727000 	C:\Program Files\Java\jre1.8.0_181\bin\fontmanager.dll
0x000007feee430000 - 0x000007feee62f000 	C:\Windows\system32\d3d9.dll
0x000007fefa4e0000 - 0x000007fefa4e7000 	C:\Windows\system32\d3d8thk.dll
0x000007fec5130000 - 0x000007fec6b11000 	C:\Windows\system32\nvd3dumx.dll
0x000000002bee0000 - 0x000000002bf22000 	C:\Program Files\Java\jre1.8.0_181\bin\t2k.dll

VM Arguments:
jvm_args: -Dfile.encoding=GB18030 -Dminecraft.client.jar=.minecraft\versions\MineLife2\MineLife2.jar -XX:+UnlockExperimentalVMOptions -XX:+UseG1GC -XX:G1NewSizePercent=20 -XX:G1ReservePercent=20 -XX:MaxGCPauseMillis=50 -XX:G1HeapRegionSize=16m -XX:-UseAdaptiveSizePolicy -XX:-OmitStackTraceInFastThrow -XX:-DontCompileHugeMethods -Xmn128m -Xmx16341m -Dfml.ignoreInvalidMinecraftCertificates=true -Dfml.ignorePatchDiscrepancies=true -Djava.rmi.server.useCodebaseOnly=true -Dcom.sun.jndi.rmi.object.trustURLCodebase=false -Dcom.sun.jndi.cosnaming.object.trustURLCodebase=false -Dlog4j2.formatMsgNoLookups=true -Dlog4j.configurationFile=C:\Users\Administrator\Desktop\.minecraft\versions\MineLife2\log4j2.xml -XX:HeapDumpPath=MojangTricksIntelDriversForPerformance_javaw.exe_minecraft.exe.heapdump -Djava.library.path=C:\Users\Administrator\Desktop\.minecraft\versions\MineLife2\natives-windows-x86_64 -Dminecraft.launcher.brand=HMCL -Dminecraft.launcher.version=3.5.3 -javaagent:C:\Users\Administrator\AppData\Roaming\.hmcl\authlib-injector.jar=http://localhost:60335 -Dauthlibinjector.side=client -javaagent:C:\Users\Administrator\AppData\Roaming\.hmcl\log4j-patch-agent-1.0.jar=false 
java_command: net.minecraft.launchwrapper.Launch --username Eaudoll --version MineLife2 --gameDir C:\Users\Administrator\Desktop\.minecraft\versions\MineLife2 --assetsDir C:\Users\Administrator\Desktop\.minecraft\assets --assetIndex 1.12 --uuid ff240f16ddb03e14bb573981590119fa --accessToken e38750f289704b9987952ec78f94b065 --userType mojang --tweakClass net.minecraftforge.fml.common.launcher.FMLTweaker --versionType Forge --tweakClass optifine.OptiFineForgeTweaker --width 854 --height 480
java_class_path (initial): C:\Users\Administrator\Desktop\.minecraft\libraries\net\minecraftforge\forge\1.12.2-14.23.5.2860\forge-1.12.2-14.23.5.2860.jar;C:\Users\Administrator\Desktop\.minecraft\libraries\org\ow2\asm\asm-debug-all\5.2\asm-debug-all-5.2.jar;C:\Users\Administrator\Desktop\.minecraft\libraries\net\minecraft\launchwrapper\1.12\launchwrapper-1.12.jar;C:\Users\Administrator\Desktop\.minecraft\libraries\org\jline\jline\3.5.1\jline-3.5.1.jar;C:\Users\Administrator\Desktop\.minecraft\libraries\com\typesafe\akka\akka-actor_2.11\2.3.3\akka-actor_2.11-2.3.3.jar;C:\Users\Administrator\Desktop\.minecraft\libraries\com\typesafe\config\1.2.1\config-1.2.1.jar;C:\Users\Administrator\Desktop\.minecraft\libraries\org\scala-lang\scala-actors-migration_2.11\1.1.0\scala-actors-migration_2.11-1.1.0.jar;C:\Users\Administrator\Desktop\.minecraft\libraries\org\scala-lang\scala-compiler\2.11.1\scala-compiler-2.11.1.jar;C:\Users\Administrator\Desktop\.minecraft\libraries\org\scala-lang\plugins\scala-continuations-library_2.11\1.0.2_mc\scala-continuations-library_2.11-1.0.2_mc.jar;C:\Users\Administrator\Desktop\.minecraft\libraries\org\scala-lang\plugins\scala-continuations-plugin_2.11.1\1.0.2_mc\scala-continuations-plugin_2.11.1-1.0.2_mc.jar;C:\Users\Administrator\Desktop\.minecraft\libraries\org\scala-lang\scala-library\2.11.1\scala-library-2.11.1.jar;C:\Users\Administrator\Desktop\.minecraft\libraries\org\scala-lang\scala-parser-combinators_2.11\1.0.1\scala-parser-combinators_2.11-1.0.1.jar;C:\Users\Administrator\Desktop\.minecraft\libraries\org\scala-lang\scala-reflect\2.11.1\scala-reflect-2.11.1.jar;C:\Users\Administrator\Desktop\.minecraft\libraries\org\scala-lang\scala-swing_2.11\1.0.1\scala-swing_2.11-1.0.1.jar;C:\Users\Administrator\Desktop\.minecraft\libraries\org\scala-lang\scala-xml_2.11\1.0.2\scala-xml_2.11-1.0.2.jar;C:\Users\Administrator\Desktop\.minecraft\libraries\lzma\lzma\0.0.1\lzma-0.0.1.jar;C:\Users\Administrator\Desktop\.minecraft\libraries\java3d\vecmat
Launcher Type: SUN_STANDARD

Environment Variables:
PATH=C:\Program Files (x86)\NVIDIA Corporation\PhysX\Common;C:\Program Files (x86)\Common Files\Oracle\Java\javapath;C:\Windows\system32;C:\Windows;C:\Windows\System32\Wbem;C:\Windows\System32\WindowsPowerShell\v1.0\;C:\Users\Administrator\Desktop\Microsoft VS Code\bin;;C:\Users\Administrator\AppData\Local\Programs\Microsoft VS Code\bin
USERNAME=Administrator
OS=Windows_NT
PROCESSOR_IDENTIFIER=Intel64 Family 6 Model 158 Stepping 13, GenuineIntel



---------------  S Y S T E M  ---------------

OS: Windows 7 , 64 bit Build 7601 (6.1.7601.24553)

CPU:total 6 (initial active 6) (6 cores per cpu, 1 threads per core) family 6 model 158 stepping 13, cmov, cx8, fxsr, mmx, sse, sse2, sse3, ssse3, sse4.1, sse4.2, popcnt, avx, avx2, aes, clmul, erms, 3dnowpref, lzcnt, tsc, tscinvbit, bmi1, bmi2, adx

Memory: 4k page, physical 16733660k(4486092k free), swap 34985764k(2751396k free)

vm_info: Java HotSpot(TM) 64-Bit Server VM (25.181-b13) for windows-amd64 JRE (1.8.0_181-b13), built on Jul  7 2018 04:01:33 by "java_re" with MS VC++ 10.0 (VS2010)

time: Tue May 31 20:48:39 2022
elapsed time: 29 seconds (0d 0h 0m 29s)

